{"/Users/sunilpai/code/dahi/index.js":{"path":"/Users/sunilpai/code/dahi/index.js","s":{"1":1,"2":1,"3":1,"4":1,"5":1,"6":1,"7":1,"8":1,"9":1,"10":1,"11":1,"12":1,"13":1,"14":1,"15":0,"16":1,"17":1,"18":1,"19":1,"20":1,"21":1,"22":1,"23":1,"24":1,"25":1,"26":1,"27":1,"28":1,"29":1,"30":1,"31":1,"32":1,"33":1,"34":1,"35":1,"36":1,"37":1,"38":1,"39":1,"40":1,"41":1,"42":1,"43":1,"44":1,"45":1,"46":1,"47":1,"48":1,"49":1,"50":1,"51":2,"52":1,"53":24,"54":1,"55":1,"56":0,"57":1,"58":1,"59":1,"60":1,"61":1,"62":1,"63":1,"64":1,"65":1,"66":1,"67":1,"68":1,"69":1,"70":1,"71":8,"72":24,"73":8,"74":24,"75":4,"76":4,"77":4,"78":4,"79":1,"80":1,"81":1,"82":1,"83":1,"84":1,"85":1,"86":1,"87":1,"88":2,"89":2,"90":2,"91":2,"92":4,"93":4,"94":2,"95":2,"96":2,"97":2,"98":2,"99":1,"100":1,"101":1,"102":5,"103":1,"104":1,"105":1,"106":1,"107":1,"108":28,"109":28,"110":28,"111":28,"112":250,"113":500,"114":28,"115":28,"116":28,"117":28,"118":28,"119":194,"120":28,"121":28,"122":166,"123":166,"124":166,"125":166,"126":166,"127":166,"128":166,"129":28,"130":28,"131":0,"132":0,"133":0,"134":0,"135":28,"136":28,"137":28,"138":0,"139":28,"140":28,"141":28,"142":28,"143":0,"144":28,"145":28,"146":28,"147":28,"148":28,"149":1,"150":1,"151":1,"152":5,"153":1,"154":1,"155":1,"156":1,"157":1,"158":1,"159":1,"160":5,"161":1,"162":1,"163":1,"164":1,"165":1,"166":1,"167":1,"168":1,"169":1,"170":2,"171":2,"172":1,"173":1,"174":1,"175":1,"176":1,"177":1,"178":2,"179":2,"180":2,"181":2,"182":4,"183":4,"184":2,"185":2,"186":2,"187":2,"188":2,"189":1,"190":1,"191":1,"192":20,"193":20,"194":20,"195":1,"196":1,"197":1,"198":1,"199":1,"200":1,"201":1,"202":1,"203":1,"204":1,"205":1,"206":4,"207":6,"208":2,"209":2,"210":2,"211":2,"212":1,"213":1,"214":1,"215":1,"216":1,"217":1,"218":1,"219":1,"220":1,"221":1,"222":1,"223":8,"224":8,"225":8,"226":8,"227":1,"228":1,"229":2,"230":1,"231":1,"232":1,"233":1,"234":1,"235":1,"236":1,"237":1,"238":1,"239":7,"240":12,"241":5,"242":5,"243":5,"244":5,"245":1,"246":1,"247":4,"248":4,"249":4,"250":1,"251":1,"252":1,"253":1,"254":1,"255":1,"256":1,"257":1,"258":1,"259":1,"260":14,"261":30,"262":4,"263":4,"264":4,"265":4,"266":1,"267":1,"268":3,"269":3,"270":3,"271":3,"272":3,"273":6,"274":3,"275":3,"276":3,"277":3,"278":3,"279":3,"280":3,"281":3,"282":3,"283":3,"284":0,"285":0,"286":0,"287":0,"288":3,"289":3,"290":3,"291":0,"292":3,"293":3,"294":3,"295":3,"296":0,"297":3,"298":3,"299":3,"300":3,"301":1,"302":1,"303":1,"304":1,"305":1,"306":1,"307":1,"308":1,"309":1,"310":1,"311":1,"312":1,"313":1,"314":0,"315":1,"316":1,"317":1,"318":1,"319":12,"320":19,"321":1,"322":1,"323":1,"324":0,"325":0,"326":0,"327":1,"328":6,"329":6,"330":6,"331":6,"332":1,"333":1,"334":5,"335":5,"336":5,"337":5,"338":5,"339":1,"340":1,"341":1,"342":1,"343":2,"344":2,"345":2,"346":2,"347":22,"348":35,"349":2,"350":2,"351":2,"352":0,"353":0,"354":0,"355":2,"356":11,"357":11,"358":11,"359":11,"360":2,"361":2,"362":9,"363":9,"364":9,"365":9,"366":2,"367":2,"368":2,"369":1,"370":1,"371":1,"372":1,"373":5,"374":5,"375":5,"376":10,"377":10,"378":5,"379":5,"380":5,"381":5,"382":1,"383":1,"384":1,"385":1,"386":1,"387":1,"388":34,"389":67,"390":1,"391":1,"392":1,"393":33,"394":1,"395":1,"396":32,"397":32,"398":32,"399":32,"400":13,"401":19,"402":32,"403":32,"404":1,"405":1,"406":1,"407":1,"408":1,"409":1,"410":1,"411":1,"412":16,"413":31,"414":1,"415":1,"416":1,"417":1,"418":15,"419":1,"420":1,"421":14,"422":14,"423":14,"424":14,"425":14,"426":10,"427":4,"428":4,"429":4,"430":4,"431":4,"432":14,"433":14,"434":1,"435":1,"436":1,"437":1,"438":1,"439":1,"440":1,"441":1,"442":1,"443":10,"444":22,"445":1,"446":7,"447":7,"448":7,"449":7,"450":1,"451":1,"452":6,"453":6,"454":5,"455":5,"456":1,"457":1,"458":1,"459":6,"460":6,"461":1,"462":0,"463":0,"464":1,"465":1,"466":1,"467":1,"468":1,"469":1,"470":1,"471":1,"472":3,"473":1,"474":1,"475":1,"476":1,"477":14,"478":38,"479":1,"480":4,"481":1,"482":1,"483":3,"484":3,"485":3,"486":3,"487":3,"488":3,"489":12,"490":3,"491":3,"492":9,"493":9,"494":2,"495":2,"496":7,"497":7,"498":7,"499":7,"500":1,"501":6,"502":9,"503":9,"504":9,"505":3,"506":3,"507":0,"508":0,"509":0,"510":0,"511":3,"512":3,"513":3,"514":0,"515":3,"516":3,"517":3,"518":3,"519":0,"520":3,"521":3,"522":3,"523":3,"524":3,"525":1,"526":1,"527":1,"528":1,"529":1,"530":3,"531":1,"532":1,"533":1,"534":1,"535":26,"536":45,"537":1,"538":1,"539":3,"540":3,"541":3,"542":3,"543":16,"544":29,"545":3,"546":13,"547":13,"548":13,"549":13,"550":3,"551":3,"552":10,"553":10,"554":10,"555":3,"556":3,"557":3,"558":1,"559":1,"560":1,"561":1,"562":1,"563":4,"564":1,"565":1,"566":3,"567":3,"568":13,"569":13,"570":13,"571":13,"572":3,"573":3,"574":10,"575":10,"576":10,"577":10,"578":3,"579":3,"580":3,"581":1,"582":1,"583":0,"584":0,"585":0,"586":0,"587":1,"588":1,"589":1,"590":0,"591":1,"592":1,"593":1,"594":1,"595":0,"596":1,"597":1,"598":1,"599":3,"600":1,"601":1,"602":1,"603":1,"604":1,"605":1,"606":1,"607":1,"608":1,"609":1,"610":6,"611":11,"612":1,"613":5,"614":5,"615":5,"616":5,"617":1,"618":1,"619":4,"620":4,"621":4,"622":1,"623":1,"624":1,"625":1,"626":19,"627":42,"628":1,"629":14,"630":14,"631":14,"632":14,"633":1,"634":1,"635":13,"636":9,"637":9,"638":4,"639":4,"640":13,"641":13,"642":1,"643":1,"644":1,"645":1,"646":1,"647":1,"648":1,"649":1,"650":15,"651":29,"652":1,"653":14,"654":14,"655":14,"656":14,"657":1,"658":1,"659":13,"660":13,"661":13,"662":1,"663":1,"664":1,"665":1,"666":10,"667":15,"668":1,"669":5,"670":5,"671":5,"672":5,"673":1,"674":1,"675":4,"676":4,"677":4,"678":4,"679":1,"680":1,"681":1,"682":1,"683":1,"684":1,"685":1,"686":1,"687":1,"688":4,"689":7,"690":1,"691":3,"692":3,"693":3,"694":1,"695":1,"696":2,"697":2,"698":1,"699":1,"700":1,"701":1,"702":1,"703":8,"704":12,"705":1,"706":4,"707":4,"708":4,"709":4,"710":4,"711":0,"712":0,"713":4,"714":4,"715":1,"716":1,"717":3,"718":3,"719":3,"720":3,"721":1,"722":1,"723":1,"724":1,"725":1,"726":1,"727":1,"728":1,"729":2,"730":2,"731":1,"732":1,"733":1,"734":1,"735":1,"736":1,"737":1,"738":10,"739":15,"740":1,"741":5,"742":5,"743":5,"744":5,"745":5,"746":0,"747":0,"748":5,"749":5,"750":1,"751":1,"752":4,"753":4,"754":4,"755":4,"756":1,"757":1,"758":1,"759":1,"760":1,"761":1,"762":1,"763":1,"764":5,"765":9,"766":1,"767":4,"768":4,"769":4,"770":4,"771":1,"772":1,"773":3,"774":3,"775":3,"776":3,"777":1,"778":1,"779":1,"780":1,"781":16,"782":30,"783":1,"784":14,"785":14,"786":14,"787":14,"788":1,"789":1,"790":13,"791":13,"792":13,"793":1,"794":0,"795":0,"796":1,"797":1,"798":1,"799":1,"800":1,"801":1},"b":{"1":[1,1],"2":[1,0],"3":[1,0],"4":[0,1],"5":[0,2],"6":[2,2],"7":[0,1],"8":[2,2,2,2],"9":[28,194,166,166,28,0,28,28,28,28,28,28,28],"10":[28,166],"11":[0,28],"12":[28,0],"13":[28,0],"14":[1,1,1,1],"15":[2,2,2,2],"16":[2,1],"17":[1,0],"18":[2,2,1,1,1,1],"19":[1,1],"20":[8,0],"21":[5,5,1,1,1,1],"22":[1,4],"23":[4,4,6,3,3,0,3,3,3,3,3,1,1,1],"24":[1,3],"25":[3,3],"26":[0,3],"27":[3,0],"28":[3,0],"29":[0,1],"30":[1,0,1,6,6,5,1,1,1],"31":[1,0],"32":[1,5],"33":[2,0,2,11,11,9,2,2,2],"34":[2,0],"35":[2,9],"36":[5,5,5,5],"37":[1,1,33,32,1,1,1],"38":[1,32],"39":[13,19],"40":[1,1,15,14,1,1,1],"41":[1,14],"42":[14,4],"43":[10,4],"44":[4,0],"45":[4,0],"46":[1,0],"47":[1,7,7,1,6,1,1,1,1],"48":[1,6],"49":[5,1],"50":[0,1],"51":[1,1],"52":[1,4,12,7,9,3,0,3,3,3,3,3,1,1,1],"53":[1,3],"54":[3,9],"55":[2,7],"56":[1,6],"57":[0,3],"58":[3,0],"59":[3,0],"60":[1,4,13,13,10,3,1,0,1,1,1,1,1,1,1],"61":[3,13,13,3,3,3],"62":[3,10],"63":[1,3],"64":[3,10],"65":[0,1],"66":[1,0],"67":[1,0],"68":[1,0],"69":[1,5,5,1,1],"70":[1,4],"71":[1,14,14,13,1,1,1],"72":[1,13],"73":[9,4],"74":[1,14,14,1,1],"75":[1,13],"76":[1,5,5,4,1,1,1],"77":[1,4],"78":[1,0],"79":[1,3,3,1,1,1],"80":[1,2],"81":[1,4,4,4,3,1,1,1],"82":[0,4],"83":[1,3],"84":[1,0],"85":[1,1,1,1],"86":[1,5,5,5,4,1,1,1],"87":[0,5],"88":[1,4],"89":[1,4,4,1,1],"90":[1,3],"91":[1,14,14,1,1,1,1],"92":[1,13],"93":[0,1]},"f":{"1":1,"2":1,"3":1,"4":2,"5":24,"6":1,"7":1,"8":1,"9":1,"10":8,"11":24,"12":4,"13":1,"14":1,"15":1,"16":2,"17":2,"18":2,"19":4,"20":1,"21":5,"22":1,"23":28,"24":28,"25":250,"26":1,"27":5,"28":1,"29":1,"30":5,"31":1,"32":1,"33":1,"34":1,"35":2,"36":2,"37":2,"38":2,"39":4,"40":1,"41":20,"42":1,"43":1,"44":1,"45":4,"46":8,"47":2,"48":1,"49":1,"50":1,"51":1,"52":7,"53":1,"54":1,"55":14,"56":1,"57":1,"58":1,"59":1,"60":0,"61":1,"62":12,"63":2,"64":2,"65":22,"66":1,"67":5,"68":5,"69":5,"70":10,"71":1,"72":1,"73":34,"74":1,"75":1,"76":16,"77":1,"78":1,"79":10,"80":1,"81":1,"82":14,"83":1,"84":1,"85":26,"86":3,"87":3,"88":16,"89":3,"90":1,"91":1,"92":6,"93":1,"94":19,"95":1,"96":1,"97":15,"98":1,"99":10,"100":1,"101":1,"102":4,"103":1,"104":8,"105":1,"106":1,"107":2,"108":1,"109":10,"110":1,"111":1,"112":5,"113":1,"114":16},"fnMap":{"1":{"name":"(anonymous_1)","line":10,"loc":{"start":{"line":10,"column":20},"end":{"line":10,"column":32}}},"2":{"name":"defineProperties","line":10,"loc":{"start":{"line":10,"column":34},"end":{"line":10,"column":75}}},"3":{"name":"(anonymous_3)","line":10,"loc":{"start":{"line":10,"column":358},"end":{"line":10,"column":406}}},"4":{"name":"_interopRequireDefault","line":46,"loc":{"start":{"line":46,"column":0},"end":{"line":46,"column":37}}},"5":{"name":"_defineProperty","line":48,"loc":{"start":{"line":48,"column":0},"end":{"line":48,"column":42}}},"6":{"name":"_classCallCheck","line":50,"loc":{"start":{"line":50,"column":0},"end":{"line":50,"column":48}}},"7":{"name":"(anonymous_7)","line":65,"loc":{"start":{"line":65,"column":13},"end":{"line":65,"column":25}}},"8":{"name":"Chain","line":66,"loc":{"start":{"line":66,"column":2},"end":{"line":66,"column":20}}},"9":{"name":"val","line":74,"loc":{"start":{"line":74,"column":11},"end":{"line":74,"column":26}}},"10":{"name":"$","line":82,"loc":{"start":{"line":82,"column":0},"end":{"line":82,"column":13}}},"11":{"name":"(anonymous_11)","line":87,"loc":{"start":{"line":87,"column":14},"end":{"line":87,"column":28}}},"12":{"name":"(anonymous_12)","line":88,"loc":{"start":{"line":88,"column":71},"end":{"line":88,"column":83}}},"13":{"name":"chain","line":99,"loc":{"start":{"line":99,"column":0},"end":{"line":99,"column":18}}},"14":{"name":"into","line":104,"loc":{"start":{"line":104,"column":2},"end":{"line":104,"column":26}}},"15":{"name":"never","line":110,"loc":{"start":{"line":110,"column":0},"end":{"line":110,"column":17}}},"16":{"name":"later","line":116,"loc":{"start":{"line":116,"column":0},"end":{"line":116,"column":28}}},"17":{"name":"(anonymous_17)","line":118,"loc":{"start":{"line":118,"column":13},"end":{"line":118,"column":25}}},"18":{"name":"callee$2$0","line":119,"loc":{"start":{"line":119,"column":43},"end":{"line":119,"column":65}}},"19":{"name":"callee$2$0$","line":120,"loc":{"start":{"line":120,"column":37},"end":{"line":120,"column":71}}},"20":{"name":"interval","line":139,"loc":{"start":{"line":139,"column":0},"end":{"line":139,"column":35}}},"21":{"name":"(anonymous_21)","line":141,"loc":{"start":{"line":141,"column":27},"end":{"line":141,"column":39}}},"22":{"name":"(anonymous_22)","line":145,"loc":{"start":{"line":145,"column":11},"end":{"line":145,"column":23}}},"23":{"name":"sequentially","line":152,"loc":{"start":{"line":152,"column":0},"end":{"line":152,"column":40}}},"24":{"name":"callee$1$0","line":154,"loc":{"start":{"line":154,"column":41},"end":{"line":154,"column":63}}},"25":{"name":"callee$1$0$","line":157,"loc":{"start":{"line":157,"column":35},"end":{"line":157,"column":69}}},"26":{"name":"fromPoll","line":230,"loc":{"start":{"line":230,"column":0},"end":{"line":230,"column":32}}},"27":{"name":"(anonymous_27)","line":232,"loc":{"start":{"line":232,"column":27},"end":{"line":232,"column":39}}},"28":{"name":"(anonymous_28)","line":235,"loc":{"start":{"line":235,"column":11},"end":{"line":235,"column":23}}},"29":{"name":"withInterval","line":242,"loc":{"start":{"line":242,"column":0},"end":{"line":242,"column":41}}},"30":{"name":"(anonymous_30)","line":244,"loc":{"start":{"line":244,"column":27},"end":{"line":244,"column":39}}},"31":{"name":"(anonymous_31)","line":247,"loc":{"start":{"line":247,"column":11},"end":{"line":247,"column":23}}},"32":{"name":"fromCallback","line":254,"loc":{"start":{"line":254,"column":0},"end":{"line":254,"column":26}}},"33":{"name":"(anonymous_33)","line":256,"loc":{"start":{"line":256,"column":5},"end":{"line":256,"column":22}}},"34":{"name":"callee$2$0","line":257,"loc":{"start":{"line":257,"column":43},"end":{"line":257,"column":65}}},"35":{"name":"callee$2$0$","line":258,"loc":{"start":{"line":258,"column":37},"end":{"line":258,"column":71}}},"36":{"name":"fromNodeCallback","line":277,"loc":{"start":{"line":277,"column":0},"end":{"line":277,"column":30}}},"37":{"name":"(anonymous_37)","line":279,"loc":{"start":{"line":279,"column":5},"end":{"line":279,"column":25}}},"38":{"name":"callee$2$0","line":280,"loc":{"start":{"line":280,"column":43},"end":{"line":280,"column":65}}},"39":{"name":"callee$2$0$","line":281,"loc":{"start":{"line":281,"column":37},"end":{"line":281,"column":71}}},"40":{"name":"fromEvents","line":300,"loc":{"start":{"line":300,"column":0},"end":{"line":300,"column":36}}},"41":{"name":"fn","line":302,"loc":{"start":{"line":302,"column":11},"end":{"line":302,"column":25}}},"42":{"name":"(anonymous_42)","line":310,"loc":{"start":{"line":310,"column":11},"end":{"line":310,"column":23}}},"43":{"name":"log","line":317,"loc":{"start":{"line":317,"column":0},"end":{"line":317,"column":17}}},"44":{"name":"callee$1$0","line":321,"loc":{"start":{"line":321,"column":41},"end":{"line":321,"column":63}}},"45":{"name":"callee$1$0$","line":323,"loc":{"start":{"line":323,"column":35},"end":{"line":323,"column":69}}},"46":{"name":"transduce","line":357,"loc":{"start":{"line":357,"column":0},"end":{"line":357,"column":27}}},"47":{"name":"map","line":371,"loc":{"start":{"line":371,"column":0},"end":{"line":371,"column":21}}},"48":{"name":"filter","line":375,"loc":{"start":{"line":375,"column":0},"end":{"line":375,"column":24}}},"49":{"name":"takeWhile","line":379,"loc":{"start":{"line":379,"column":0},"end":{"line":379,"column":27}}},"50":{"name":"last","line":383,"loc":{"start":{"line":383,"column":0},"end":{"line":383,"column":18}}},"51":{"name":"callee$1$0","line":385,"loc":{"start":{"line":385,"column":41},"end":{"line":385,"column":63}}},"52":{"name":"callee$1$0$","line":387,"loc":{"start":{"line":387,"column":35},"end":{"line":387,"column":69}}},"53":{"name":"flatten","line":421,"loc":{"start":{"line":421,"column":0},"end":{"line":421,"column":25}}},"54":{"name":"callee$1$0","line":423,"loc":{"start":{"line":423,"column":41},"end":{"line":423,"column":63}}},"55":{"name":"callee$1$0$","line":426,"loc":{"start":{"line":426,"column":35},"end":{"line":426,"column":69}}},"56":{"name":"skip","line":513,"loc":{"start":{"line":513,"column":0},"end":{"line":513,"column":21}}},"57":{"name":"skipWhile","line":517,"loc":{"start":{"line":517,"column":0},"end":{"line":517,"column":27}}},"58":{"name":"skipDuplicates","line":523,"loc":{"start":{"line":523,"column":0},"end":{"line":523,"column":28}}},"59":{"name":"diff","line":529,"loc":{"start":{"line":529,"column":0},"end":{"line":529,"column":29}}},"60":{"name":"(anonymous_60)","line":530,"loc":{"start":{"line":530,"column":40},"end":{"line":530,"column":56}}},"61":{"name":"callee$1$0","line":535,"loc":{"start":{"line":535,"column":41},"end":{"line":535,"column":63}}},"62":{"name":"callee$1$0$","line":537,"loc":{"start":{"line":537,"column":35},"end":{"line":537,"column":69}}},"63":{"name":"scan","line":586,"loc":{"start":{"line":586,"column":0},"end":{"line":586,"column":28}}},"64":{"name":"callee$1$0","line":588,"loc":{"start":{"line":588,"column":41},"end":{"line":588,"column":63}}},"65":{"name":"callee$1$0$","line":590,"loc":{"start":{"line":590,"column":35},"end":{"line":590,"column":69}}},"66":{"name":"delay","line":640,"loc":{"start":{"line":640,"column":0},"end":{"line":640,"column":25}}},"67":{"name":"(anonymous_67)","line":642,"loc":{"start":{"line":642,"column":23},"end":{"line":642,"column":44}}},"68":{"name":"(anonymous_68)","line":643,"loc":{"start":{"line":643,"column":22},"end":{"line":643,"column":34}}},"69":{"name":"callee$3$0","line":644,"loc":{"start":{"line":644,"column":52},"end":{"line":644,"column":74}}},"70":{"name":"callee$3$0$","line":645,"loc":{"start":{"line":645,"column":39},"end":{"line":645,"column":73}}},"71":{"name":"debounce","line":667,"loc":{"start":{"line":667,"column":0},"end":{"line":667,"column":28}}},"72":{"name":"callee$1$0","line":669,"loc":{"start":{"line":669,"column":41},"end":{"line":669,"column":63}}},"73":{"name":"callee$1$0$","line":671,"loc":{"start":{"line":671,"column":35},"end":{"line":671,"column":69}}},"74":{"name":"throttle","line":713,"loc":{"start":{"line":713,"column":0},"end":{"line":713,"column":28}}},"75":{"name":"callee$1$0","line":716,"loc":{"start":{"line":716,"column":41},"end":{"line":716,"column":63}}},"76":{"name":"callee$1$0$","line":718,"loc":{"start":{"line":718,"column":35},"end":{"line":718,"column":69}}},"77":{"name":"bufferWhile","line":765,"loc":{"start":{"line":765,"column":0},"end":{"line":765,"column":36}}},"78":{"name":"callee$1$0","line":770,"loc":{"start":{"line":770,"column":41},"end":{"line":770,"column":63}}},"79":{"name":"callee$1$0$","line":772,"loc":{"start":{"line":772,"column":35},"end":{"line":772,"column":69}}},"80":{"name":"zip","line":833,"loc":{"start":{"line":833,"column":0},"end":{"line":833,"column":15}}},"81":{"name":"callee$1$0","line":839,"loc":{"start":{"line":839,"column":41},"end":{"line":839,"column":63}}},"82":{"name":"callee$1$0$","line":842,"loc":{"start":{"line":842,"column":35},"end":{"line":842,"column":69}}},"83":{"name":"concat","line":943,"loc":{"start":{"line":943,"column":0},"end":{"line":943,"column":18}}},"84":{"name":"callee$1$0","line":949,"loc":{"start":{"line":949,"column":41},"end":{"line":949,"column":63}}},"85":{"name":"callee$1$0$","line":952,"loc":{"start":{"line":952,"column":35},"end":{"line":952,"column":69}}},"86":{"name":"(anonymous_86)","line":956,"loc":{"start":{"line":956,"column":26},"end":{"line":956,"column":41}}},"87":{"name":"callee$3$0","line":958,"loc":{"start":{"line":958,"column":51},"end":{"line":958,"column":73}}},"88":{"name":"callee$3$0$","line":960,"loc":{"start":{"line":960,"column":45},"end":{"line":960,"column":79}}},"89":{"name":"(anonymous_89)","line":1066,"loc":{"start":{"line":1066,"column":23},"end":{"line":1066,"column":38}}},"90":{"name":"filterBy","line":1082,"loc":{"start":{"line":1082,"column":0},"end":{"line":1082,"column":29}}},"91":{"name":"callee$1$0","line":1087,"loc":{"start":{"line":1087,"column":41},"end":{"line":1087,"column":63}}},"92":{"name":"callee$1$0$","line":1089,"loc":{"start":{"line":1089,"column":35},"end":{"line":1089,"column":69}}},"93":{"name":"callee$1$0","line":1117,"loc":{"start":{"line":1117,"column":41},"end":{"line":1117,"column":63}}},"94":{"name":"callee$1$0$","line":1119,"loc":{"start":{"line":1119,"column":35},"end":{"line":1119,"column":69}}},"95":{"name":"sampledBy","line":1162,"loc":{"start":{"line":1162,"column":0},"end":{"line":1162,"column":30}}},"96":{"name":"callee$1$0","line":1166,"loc":{"start":{"line":1166,"column":41},"end":{"line":1166,"column":63}}},"97":{"name":"callee$1$0$","line":1168,"loc":{"start":{"line":1168,"column":35},"end":{"line":1168,"column":69}}},"98":{"name":"callee$1$0","line":1196,"loc":{"start":{"line":1196,"column":41},"end":{"line":1196,"column":63}}},"99":{"name":"callee$1$0$","line":1198,"loc":{"start":{"line":1198,"column":35},"end":{"line":1198,"column":69}}},"100":{"name":"takeWhileBy","line":1234,"loc":{"start":{"line":1234,"column":0},"end":{"line":1234,"column":32}}},"101":{"name":"callee$1$0","line":1239,"loc":{"start":{"line":1239,"column":41},"end":{"line":1239,"column":63}}},"102":{"name":"callee$1$0$","line":1241,"loc":{"start":{"line":1241,"column":35},"end":{"line":1241,"column":69}}},"103":{"name":"callee$1$0","line":1269,"loc":{"start":{"line":1269,"column":41},"end":{"line":1269,"column":63}}},"104":{"name":"callee$1$0$","line":1271,"loc":{"start":{"line":1271,"column":35},"end":{"line":1271,"column":69}}},"105":{"name":"takeUntilBy","line":1316,"loc":{"start":{"line":1316,"column":0},"end":{"line":1316,"column":32}}},"106":{"name":"callee$1$0","line":1321,"loc":{"start":{"line":1321,"column":41},"end":{"line":1321,"column":63}}},"107":{"name":"callee$1$0$","line":1322,"loc":{"start":{"line":1322,"column":35},"end":{"line":1322,"column":69}}},"108":{"name":"callee$1$0","line":1338,"loc":{"start":{"line":1338,"column":41},"end":{"line":1338,"column":63}}},"109":{"name":"callee$1$0$","line":1340,"loc":{"start":{"line":1340,"column":35},"end":{"line":1340,"column":69}}},"110":{"name":"bufferBy","line":1385,"loc":{"start":{"line":1385,"column":0},"end":{"line":1385,"column":29}}},"111":{"name":"callee$1$0","line":1389,"loc":{"start":{"line":1389,"column":41},"end":{"line":1389,"column":63}}},"112":{"name":"callee$1$0$","line":1391,"loc":{"start":{"line":1391,"column":35},"end":{"line":1391,"column":69}}},"113":{"name":"callee$1$0","line":1420,"loc":{"start":{"line":1420,"column":41},"end":{"line":1420,"column":63}}},"114":{"name":"callee$1$0$","line":1422,"loc":{"start":{"line":1422,"column":35},"end":{"line":1422,"column":69}}}},"statementMap":{"1":{"start":{"line":6,"column":0},"end":{"line":8,"column":3}},"2":{"start":{"line":10,"column":0},"end":{"line":10,"column":566}},"3":{"start":{"line":10,"column":34},"end":{"line":10,"column":350}},"4":{"start":{"line":10,"column":77},"end":{"line":10,"column":348}},"5":{"start":{"line":10,"column":118},"end":{"line":10,"column":144}},"6":{"start":{"line":10,"column":145},"end":{"line":10,"column":200}},"7":{"start":{"line":10,"column":201},"end":{"line":10,"column":232}},"8":{"start":{"line":10,"column":233},"end":{"line":10,"column":287}},"9":{"start":{"line":10,"column":260},"end":{"line":10,"column":287}},"10":{"start":{"line":10,"column":288},"end":{"line":10,"column":346}},"11":{"start":{"line":10,"column":351},"end":{"line":10,"column":560}},"12":{"start":{"line":10,"column":408},"end":{"line":10,"column":476}},"13":{"start":{"line":10,"column":424},"end":{"line":10,"column":476}},"14":{"start":{"line":10,"column":477},"end":{"line":10,"column":537}},"15":{"start":{"line":10,"column":494},"end":{"line":10,"column":537}},"16":{"start":{"line":10,"column":538},"end":{"line":10,"column":557}},"17":{"start":{"line":12,"column":0},"end":{"line":12,"column":22}},"18":{"start":{"line":13,"column":0},"end":{"line":13,"column":22}},"19":{"start":{"line":14,"column":0},"end":{"line":14,"column":22}},"20":{"start":{"line":15,"column":0},"end":{"line":15,"column":28}},"21":{"start":{"line":16,"column":0},"end":{"line":16,"column":36}},"22":{"start":{"line":17,"column":0},"end":{"line":17,"column":28}},"23":{"start":{"line":18,"column":0},"end":{"line":18,"column":36}},"24":{"start":{"line":19,"column":0},"end":{"line":19,"column":36}},"25":{"start":{"line":20,"column":0},"end":{"line":20,"column":44}},"26":{"start":{"line":21,"column":0},"end":{"line":21,"column":32}},"27":{"start":{"line":22,"column":0},"end":{"line":22,"column":18}},"28":{"start":{"line":23,"column":0},"end":{"line":23,"column":30}},"29":{"start":{"line":24,"column":0},"end":{"line":24,"column":18}},"30":{"start":{"line":25,"column":0},"end":{"line":25,"column":24}},"31":{"start":{"line":26,"column":0},"end":{"line":26,"column":30}},"32":{"start":{"line":27,"column":0},"end":{"line":27,"column":20}},"33":{"start":{"line":28,"column":0},"end":{"line":28,"column":26}},"34":{"start":{"line":29,"column":0},"end":{"line":29,"column":20}},"35":{"start":{"line":30,"column":0},"end":{"line":30,"column":30}},"36":{"start":{"line":31,"column":0},"end":{"line":31,"column":40}},"37":{"start":{"line":32,"column":0},"end":{"line":32,"column":20}},"38":{"start":{"line":33,"column":0},"end":{"line":33,"column":20}},"39":{"start":{"line":34,"column":0},"end":{"line":34,"column":22}},"40":{"start":{"line":35,"column":0},"end":{"line":35,"column":28}},"41":{"start":{"line":36,"column":0},"end":{"line":36,"column":28}},"42":{"start":{"line":37,"column":0},"end":{"line":37,"column":34}},"43":{"start":{"line":38,"column":0},"end":{"line":38,"column":18}},"44":{"start":{"line":39,"column":0},"end":{"line":39,"column":24}},"45":{"start":{"line":40,"column":0},"end":{"line":40,"column":28}},"46":{"start":{"line":41,"column":0},"end":{"line":41,"column":30}},"47":{"start":{"line":42,"column":0},"end":{"line":42,"column":34}},"48":{"start":{"line":43,"column":0},"end":{"line":43,"column":34}},"49":{"start":{"line":44,"column":0},"end":{"line":44,"column":28}},"50":{"start":{"line":46,"column":0},"end":{"line":46,"column":97}},"51":{"start":{"line":46,"column":39},"end":{"line":46,"column":95}},"52":{"start":{"line":48,"column":0},"end":{"line":48,"column":157}},"53":{"start":{"line":48,"column":44},"end":{"line":48,"column":155}},"54":{"start":{"line":50,"column":0},"end":{"line":50,"column":153}},"55":{"start":{"line":50,"column":50},"end":{"line":50,"column":151}},"56":{"start":{"line":50,"column":92},"end":{"line":50,"column":149}},"57":{"start":{"line":52,"column":0},"end":{"line":52,"column":31}},"58":{"start":{"line":54,"column":0},"end":{"line":54,"column":45}},"59":{"start":{"line":56,"column":0},"end":{"line":56,"column":47}},"60":{"start":{"line":58,"column":0},"end":{"line":58,"column":61}},"61":{"start":{"line":60,"column":0},"end":{"line":60,"column":46}},"62":{"start":{"line":61,"column":0},"end":{"line":61,"column":64}},"63":{"start":{"line":65,"column":0},"end":{"line":80,"column":5}},"64":{"start":{"line":66,"column":2},"end":{"line":70,"column":3}},"65":{"start":{"line":67,"column":4},"end":{"line":67,"column":33}},"66":{"start":{"line":69,"column":4},"end":{"line":69,"column":15}},"67":{"start":{"line":72,"column":2},"end":{"line":77,"column":6}},"68":{"start":{"line":75,"column":6},"end":{"line":75,"column":20}},"69":{"start":{"line":79,"column":2},"end":{"line":79,"column":15}},"70":{"start":{"line":82,"column":0},"end":{"line":97,"column":1}},"71":{"start":{"line":83,"column":2},"end":{"line":85,"column":3}},"72":{"start":{"line":84,"column":4},"end":{"line":84,"column":32}},"73":{"start":{"line":87,"column":2},"end":{"line":96,"column":5}},"74":{"start":{"line":88,"column":4},"end":{"line":95,"column":8}},"75":{"start":{"line":89,"column":6},"end":{"line":91,"column":7}},"76":{"start":{"line":90,"column":8},"end":{"line":90,"column":39}},"77":{"start":{"line":93,"column":6},"end":{"line":93,"column":58}},"78":{"start":{"line":94,"column":6},"end":{"line":94,"column":18}},"79":{"start":{"line":99,"column":0},"end":{"line":101,"column":1}},"80":{"start":{"line":100,"column":2},"end":{"line":100,"column":22}},"81":{"start":{"line":104,"column":0},"end":{"line":106,"column":3}},"82":{"start":{"line":105,"column":2},"end":{"line":105,"column":54}},"83":{"start":{"line":110,"column":0},"end":{"line":114,"column":1}},"84":{"start":{"line":111,"column":2},"end":{"line":111,"column":29}},"85":{"start":{"line":112,"column":2},"end":{"line":112,"column":12}},"86":{"start":{"line":113,"column":2},"end":{"line":113,"column":11}},"87":{"start":{"line":116,"column":0},"end":{"line":137,"column":1}},"88":{"start":{"line":117,"column":2},"end":{"line":117,"column":29}},"89":{"start":{"line":118,"column":2},"end":{"line":135,"column":11}},"90":{"start":{"line":119,"column":4},"end":{"line":134,"column":8}},"91":{"start":{"line":120,"column":6},"end":{"line":133,"column":27}},"92":{"start":{"line":121,"column":8},"end":{"line":132,"column":9}},"93":{"start":{"line":121,"column":18},"end":{"line":132,"column":9}},"94":{"start":{"line":123,"column":12},"end":{"line":123,"column":33}},"95":{"start":{"line":124,"column":12},"end":{"line":124,"column":45}},"96":{"start":{"line":127,"column":12},"end":{"line":127,"column":22}},"97":{"start":{"line":131,"column":12},"end":{"line":131,"column":38}},"98":{"start":{"line":136,"column":2},"end":{"line":136,"column":11}},"99":{"start":{"line":139,"column":0},"end":{"line":150,"column":1}},"100":{"start":{"line":140,"column":2},"end":{"line":140,"column":29}},"101":{"start":{"line":141,"column":2},"end":{"line":143,"column":15}},"102":{"start":{"line":142,"column":4},"end":{"line":142,"column":35}},"103":{"start":{"line":145,"column":2},"end":{"line":148,"column":4}},"104":{"start":{"line":146,"column":4},"end":{"line":146,"column":26}},"105":{"start":{"line":147,"column":4},"end":{"line":147,"column":14}},"106":{"start":{"line":149,"column":2},"end":{"line":149,"column":11}},"107":{"start":{"line":152,"column":0},"end":{"line":228,"column":1}},"108":{"start":{"line":153,"column":2},"end":{"line":153,"column":29}},"109":{"start":{"line":154,"column":2},"end":{"line":226,"column":6}},"110":{"start":{"line":155,"column":4},"end":{"line":155,"column":94}},"111":{"start":{"line":157,"column":4},"end":{"line":225,"column":59}},"112":{"start":{"line":158,"column":6},"end":{"line":224,"column":7}},"113":{"start":{"line":158,"column":16},"end":{"line":224,"column":7}},"114":{"start":{"line":160,"column":10},"end":{"line":160,"column":43}},"115":{"start":{"line":161,"column":10},"end":{"line":161,"column":36}},"116":{"start":{"line":162,"column":10},"end":{"line":162,"column":37}},"117":{"start":{"line":163,"column":10},"end":{"line":163,"column":31}},"118":{"start":{"line":164,"column":10},"end":{"line":164,"column":48}},"119":{"start":{"line":167,"column":10},"end":{"line":170,"column":11}},"120":{"start":{"line":168,"column":12},"end":{"line":168,"column":34}},"121":{"start":{"line":169,"column":12},"end":{"line":169,"column":18}},"122":{"start":{"line":172,"column":10},"end":{"line":172,"column":30}},"123":{"start":{"line":173,"column":10},"end":{"line":173,"column":31}},"124":{"start":{"line":174,"column":10},"end":{"line":174,"column":47}},"125":{"start":{"line":177,"column":10},"end":{"line":177,"column":41}},"126":{"start":{"line":180,"column":10},"end":{"line":180,"column":43}},"127":{"start":{"line":181,"column":10},"end":{"line":181,"column":31}},"128":{"start":{"line":182,"column":10},"end":{"line":182,"column":16}},"129":{"start":{"line":185,"column":10},"end":{"line":185,"column":32}},"130":{"start":{"line":186,"column":10},"end":{"line":186,"column":16}},"131":{"start":{"line":189,"column":10},"end":{"line":189,"column":32}},"132":{"start":{"line":190,"column":10},"end":{"line":190,"column":51}},"133":{"start":{"line":191,"column":10},"end":{"line":191,"column":35}},"134":{"start":{"line":192,"column":10},"end":{"line":192,"column":42}},"135":{"start":{"line":195,"column":10},"end":{"line":195,"column":32}},"136":{"start":{"line":196,"column":10},"end":{"line":196,"column":32}},"137":{"start":{"line":198,"column":10},"end":{"line":200,"column":11}},"138":{"start":{"line":199,"column":12},"end":{"line":199,"column":34}},"139":{"start":{"line":203,"column":10},"end":{"line":203,"column":32}},"140":{"start":{"line":205,"column":10},"end":{"line":208,"column":11}},"141":{"start":{"line":206,"column":12},"end":{"line":206,"column":34}},"142":{"start":{"line":207,"column":12},"end":{"line":207,"column":18}},"143":{"start":{"line":210,"column":10},"end":{"line":210,"column":31}},"144":{"start":{"line":213,"column":10},"end":{"line":213,"column":40}},"145":{"start":{"line":216,"column":10},"end":{"line":216,"column":40}},"146":{"start":{"line":219,"column":10},"end":{"line":219,"column":20}},"147":{"start":{"line":223,"column":10},"end":{"line":223,"column":36}},"148":{"start":{"line":227,"column":2},"end":{"line":227,"column":11}},"149":{"start":{"line":230,"column":0},"end":{"line":240,"column":1}},"150":{"start":{"line":231,"column":2},"end":{"line":231,"column":29}},"151":{"start":{"line":232,"column":2},"end":{"line":234,"column":15}},"152":{"start":{"line":233,"column":4},"end":{"line":233,"column":34}},"153":{"start":{"line":235,"column":2},"end":{"line":238,"column":4}},"154":{"start":{"line":236,"column":4},"end":{"line":236,"column":26}},"155":{"start":{"line":237,"column":4},"end":{"line":237,"column":14}},"156":{"start":{"line":239,"column":2},"end":{"line":239,"column":11}},"157":{"start":{"line":242,"column":0},"end":{"line":252,"column":1}},"158":{"start":{"line":243,"column":2},"end":{"line":243,"column":29}},"159":{"start":{"line":244,"column":2},"end":{"line":246,"column":15}},"160":{"start":{"line":245,"column":4},"end":{"line":245,"column":15}},"161":{"start":{"line":247,"column":2},"end":{"line":250,"column":4}},"162":{"start":{"line":248,"column":4},"end":{"line":248,"column":26}},"163":{"start":{"line":249,"column":4},"end":{"line":249,"column":14}},"164":{"start":{"line":251,"column":2},"end":{"line":251,"column":11}},"165":{"start":{"line":254,"column":0},"end":{"line":275,"column":1}},"166":{"start":{"line":255,"column":2},"end":{"line":255,"column":29}},"167":{"start":{"line":256,"column":2},"end":{"line":273,"column":5}},"168":{"start":{"line":257,"column":4},"end":{"line":272,"column":8}},"169":{"start":{"line":258,"column":6},"end":{"line":271,"column":27}},"170":{"start":{"line":259,"column":8},"end":{"line":270,"column":9}},"171":{"start":{"line":259,"column":18},"end":{"line":270,"column":9}},"172":{"start":{"line":261,"column":12},"end":{"line":261,"column":33}},"173":{"start":{"line":262,"column":12},"end":{"line":262,"column":45}},"174":{"start":{"line":265,"column":12},"end":{"line":265,"column":22}},"175":{"start":{"line":269,"column":12},"end":{"line":269,"column":38}},"176":{"start":{"line":274,"column":2},"end":{"line":274,"column":11}},"177":{"start":{"line":277,"column":0},"end":{"line":298,"column":1}},"178":{"start":{"line":278,"column":2},"end":{"line":278,"column":29}},"179":{"start":{"line":279,"column":2},"end":{"line":296,"column":5}},"180":{"start":{"line":280,"column":4},"end":{"line":295,"column":8}},"181":{"start":{"line":281,"column":6},"end":{"line":294,"column":27}},"182":{"start":{"line":282,"column":8},"end":{"line":293,"column":9}},"183":{"start":{"line":282,"column":18},"end":{"line":293,"column":9}},"184":{"start":{"line":284,"column":12},"end":{"line":284,"column":33}},"185":{"start":{"line":285,"column":12},"end":{"line":285,"column":50}},"186":{"start":{"line":288,"column":12},"end":{"line":288,"column":22}},"187":{"start":{"line":292,"column":12},"end":{"line":292,"column":38}},"188":{"start":{"line":297,"column":2},"end":{"line":297,"column":11}},"189":{"start":{"line":300,"column":0},"end":{"line":315,"column":1}},"190":{"start":{"line":301,"column":2},"end":{"line":301,"column":29}},"191":{"start":{"line":302,"column":2},"end":{"line":308,"column":4}},"192":{"start":{"line":303,"column":4},"end":{"line":305,"column":5}},"193":{"start":{"line":304,"column":6},"end":{"line":304,"column":37}},"194":{"start":{"line":307,"column":4},"end":{"line":307,"column":41}},"195":{"start":{"line":309,"column":2},"end":{"line":309,"column":24}},"196":{"start":{"line":310,"column":2},"end":{"line":313,"column":4}},"197":{"start":{"line":311,"column":4},"end":{"line":311,"column":38}},"198":{"start":{"line":312,"column":4},"end":{"line":312,"column":14}},"199":{"start":{"line":314,"column":2},"end":{"line":314,"column":11}},"200":{"start":{"line":317,"column":0},"end":{"line":355,"column":1}},"201":{"start":{"line":318,"column":2},"end":{"line":318,"column":62}},"202":{"start":{"line":320,"column":2},"end":{"line":320,"column":29}},"203":{"start":{"line":321,"column":2},"end":{"line":353,"column":6}},"204":{"start":{"line":322,"column":4},"end":{"line":322,"column":11}},"205":{"start":{"line":323,"column":4},"end":{"line":352,"column":25}},"206":{"start":{"line":324,"column":6},"end":{"line":351,"column":7}},"207":{"start":{"line":324,"column":16},"end":{"line":351,"column":7}},"208":{"start":{"line":326,"column":10},"end":{"line":326,"column":31}},"209":{"start":{"line":327,"column":10},"end":{"line":327,"column":20}},"210":{"start":{"line":330,"column":10},"end":{"line":330,"column":49}},"211":{"start":{"line":332,"column":10},"end":{"line":335,"column":11}},"212":{"start":{"line":333,"column":12},"end":{"line":333,"column":33}},"213":{"start":{"line":334,"column":12},"end":{"line":334,"column":18}},"214":{"start":{"line":337,"column":10},"end":{"line":337,"column":34}},"215":{"start":{"line":338,"column":10},"end":{"line":338,"column":31}},"216":{"start":{"line":339,"column":10},"end":{"line":339,"column":40}},"217":{"start":{"line":342,"column":10},"end":{"line":342,"column":31}},"218":{"start":{"line":343,"column":10},"end":{"line":343,"column":16}},"219":{"start":{"line":346,"column":10},"end":{"line":346,"column":20}},"220":{"start":{"line":350,"column":10},"end":{"line":350,"column":36}},"221":{"start":{"line":354,"column":2},"end":{"line":354,"column":11}},"222":{"start":{"line":357,"column":0},"end":{"line":363,"column":1}},"223":{"start":{"line":358,"column":2},"end":{"line":358,"column":64}},"224":{"start":{"line":360,"column":2},"end":{"line":360,"column":42}},"225":{"start":{"line":361,"column":2},"end":{"line":361,"column":14}},"226":{"start":{"line":362,"column":2},"end":{"line":362,"column":11}},"227":{"start":{"line":365,"column":0},"end":{"line":365,"column":18}},"228":{"start":{"line":371,"column":0},"end":{"line":373,"column":1}},"229":{"start":{"line":372,"column":2},"end":{"line":372,"column":59}},"230":{"start":{"line":375,"column":0},"end":{"line":377,"column":1}},"231":{"start":{"line":376,"column":2},"end":{"line":376,"column":62}},"232":{"start":{"line":379,"column":0},"end":{"line":381,"column":1}},"233":{"start":{"line":380,"column":2},"end":{"line":380,"column":65}},"234":{"start":{"line":383,"column":0},"end":{"line":419,"column":1}},"235":{"start":{"line":384,"column":2},"end":{"line":384,"column":29}},"236":{"start":{"line":385,"column":2},"end":{"line":417,"column":6}},"237":{"start":{"line":386,"column":4},"end":{"line":386,"column":18}},"238":{"start":{"line":387,"column":4},"end":{"line":416,"column":25}},"239":{"start":{"line":388,"column":6},"end":{"line":415,"column":7}},"240":{"start":{"line":388,"column":16},"end":{"line":415,"column":7}},"241":{"start":{"line":390,"column":10},"end":{"line":390,"column":31}},"242":{"start":{"line":391,"column":10},"end":{"line":391,"column":20}},"243":{"start":{"line":394,"column":10},"end":{"line":394,"column":49}},"244":{"start":{"line":396,"column":10},"end":{"line":399,"column":11}},"245":{"start":{"line":397,"column":12},"end":{"line":397,"column":33}},"246":{"start":{"line":398,"column":12},"end":{"line":398,"column":18}},"247":{"start":{"line":401,"column":10},"end":{"line":401,"column":21}},"248":{"start":{"line":402,"column":10},"end":{"line":402,"column":31}},"249":{"start":{"line":403,"column":10},"end":{"line":403,"column":16}},"250":{"start":{"line":406,"column":10},"end":{"line":406,"column":31}},"251":{"start":{"line":407,"column":10},"end":{"line":407,"column":43}},"252":{"start":{"line":410,"column":10},"end":{"line":410,"column":20}},"253":{"start":{"line":414,"column":10},"end":{"line":414,"column":36}},"254":{"start":{"line":418,"column":2},"end":{"line":418,"column":11}},"255":{"start":{"line":421,"column":0},"end":{"line":509,"column":1}},"256":{"start":{"line":422,"column":2},"end":{"line":422,"column":29}},"257":{"start":{"line":423,"column":2},"end":{"line":507,"column":6}},"258":{"start":{"line":424,"column":4},"end":{"line":424,"column":99}},"259":{"start":{"line":426,"column":4},"end":{"line":506,"column":59}},"260":{"start":{"line":427,"column":6},"end":{"line":505,"column":7}},"261":{"start":{"line":427,"column":16},"end":{"line":505,"column":7}},"262":{"start":{"line":429,"column":10},"end":{"line":429,"column":31}},"263":{"start":{"line":430,"column":10},"end":{"line":430,"column":20}},"264":{"start":{"line":433,"column":10},"end":{"line":433,"column":49}},"265":{"start":{"line":435,"column":10},"end":{"line":438,"column":11}},"266":{"start":{"line":436,"column":12},"end":{"line":436,"column":34}},"267":{"start":{"line":437,"column":12},"end":{"line":437,"column":18}},"268":{"start":{"line":440,"column":10},"end":{"line":440,"column":44}},"269":{"start":{"line":441,"column":10},"end":{"line":441,"column":37}},"270":{"start":{"line":442,"column":10},"end":{"line":442,"column":38}},"271":{"start":{"line":443,"column":10},"end":{"line":443,"column":31}},"272":{"start":{"line":444,"column":10},"end":{"line":444,"column":45}},"273":{"start":{"line":447,"column":10},"end":{"line":450,"column":11}},"274":{"start":{"line":448,"column":12},"end":{"line":448,"column":34}},"275":{"start":{"line":449,"column":12},"end":{"line":449,"column":18}},"276":{"start":{"line":452,"column":10},"end":{"line":452,"column":27}},"277":{"start":{"line":453,"column":10},"end":{"line":453,"column":32}},"278":{"start":{"line":454,"column":10},"end":{"line":454,"column":39}},"279":{"start":{"line":457,"column":10},"end":{"line":457,"column":44}},"280":{"start":{"line":458,"column":10},"end":{"line":458,"column":31}},"281":{"start":{"line":459,"column":10},"end":{"line":459,"column":16}},"282":{"start":{"line":462,"column":10},"end":{"line":462,"column":32}},"283":{"start":{"line":463,"column":10},"end":{"line":463,"column":16}},"284":{"start":{"line":466,"column":10},"end":{"line":466,"column":32}},"285":{"start":{"line":467,"column":10},"end":{"line":467,"column":51}},"286":{"start":{"line":468,"column":10},"end":{"line":468,"column":36}},"287":{"start":{"line":469,"column":10},"end":{"line":469,"column":43}},"288":{"start":{"line":472,"column":10},"end":{"line":472,"column":32}},"289":{"start":{"line":473,"column":10},"end":{"line":473,"column":32}},"290":{"start":{"line":475,"column":10},"end":{"line":477,"column":11}},"291":{"start":{"line":476,"column":12},"end":{"line":476,"column":35}},"292":{"start":{"line":480,"column":10},"end":{"line":480,"column":32}},"293":{"start":{"line":482,"column":10},"end":{"line":485,"column":11}},"294":{"start":{"line":483,"column":12},"end":{"line":483,"column":34}},"295":{"start":{"line":484,"column":12},"end":{"line":484,"column":18}},"296":{"start":{"line":487,"column":10},"end":{"line":487,"column":32}},"297":{"start":{"line":490,"column":10},"end":{"line":490,"column":40}},"298":{"start":{"line":493,"column":10},"end":{"line":493,"column":40}},"299":{"start":{"line":496,"column":10},"end":{"line":496,"column":31}},"300":{"start":{"line":497,"column":10},"end":{"line":497,"column":16}},"301":{"start":{"line":500,"column":10},"end":{"line":500,"column":20}},"302":{"start":{"line":504,"column":10},"end":{"line":504,"column":36}},"303":{"start":{"line":508,"column":2},"end":{"line":508,"column":11}},"304":{"start":{"line":511,"column":0},"end":{"line":511,"column":41}},"305":{"start":{"line":513,"column":0},"end":{"line":515,"column":1}},"306":{"start":{"line":514,"column":2},"end":{"line":514,"column":59}},"307":{"start":{"line":517,"column":0},"end":{"line":519,"column":1}},"308":{"start":{"line":518,"column":2},"end":{"line":518,"column":65}},"309":{"start":{"line":523,"column":0},"end":{"line":525,"column":1}},"310":{"start":{"line":524,"column":2},"end":{"line":524,"column":60}},"311":{"start":{"line":527,"column":0},"end":{"line":527,"column":35}},"312":{"start":{"line":529,"column":0},"end":{"line":584,"column":1}},"313":{"start":{"line":530,"column":2},"end":{"line":532,"column":19}},"314":{"start":{"line":531,"column":4},"end":{"line":531,"column":18}},"315":{"start":{"line":534,"column":2},"end":{"line":534,"column":29}},"316":{"start":{"line":535,"column":2},"end":{"line":582,"column":6}},"317":{"start":{"line":536,"column":4},"end":{"line":536,"column":23}},"318":{"start":{"line":537,"column":4},"end":{"line":581,"column":25}},"319":{"start":{"line":538,"column":6},"end":{"line":580,"column":7}},"320":{"start":{"line":538,"column":16},"end":{"line":580,"column":7}},"321":{"start":{"line":540,"column":10},"end":{"line":543,"column":11}},"322":{"start":{"line":541,"column":12},"end":{"line":541,"column":33}},"323":{"start":{"line":542,"column":12},"end":{"line":542,"column":18}},"324":{"start":{"line":545,"column":10},"end":{"line":545,"column":31}},"325":{"start":{"line":546,"column":10},"end":{"line":546,"column":20}},"326":{"start":{"line":549,"column":10},"end":{"line":549,"column":34}},"327":{"start":{"line":552,"column":10},"end":{"line":552,"column":23}},"328":{"start":{"line":555,"column":10},"end":{"line":555,"column":31}},"329":{"start":{"line":556,"column":10},"end":{"line":556,"column":20}},"330":{"start":{"line":559,"column":10},"end":{"line":559,"column":54}},"331":{"start":{"line":561,"column":10},"end":{"line":564,"column":11}},"332":{"start":{"line":562,"column":12},"end":{"line":562,"column":34}},"333":{"start":{"line":563,"column":12},"end":{"line":563,"column":18}},"334":{"start":{"line":566,"column":10},"end":{"line":566,"column":32}},"335":{"start":{"line":567,"column":10},"end":{"line":567,"column":56}},"336":{"start":{"line":570,"column":10},"end":{"line":570,"column":26}},"337":{"start":{"line":571,"column":10},"end":{"line":571,"column":31}},"338":{"start":{"line":572,"column":10},"end":{"line":572,"column":16}},"339":{"start":{"line":575,"column":10},"end":{"line":575,"column":20}},"340":{"start":{"line":579,"column":10},"end":{"line":579,"column":36}},"341":{"start":{"line":583,"column":2},"end":{"line":583,"column":11}},"342":{"start":{"line":586,"column":0},"end":{"line":636,"column":1}},"343":{"start":{"line":587,"column":2},"end":{"line":587,"column":29}},"344":{"start":{"line":588,"column":2},"end":{"line":634,"column":6}},"345":{"start":{"line":589,"column":4},"end":{"line":589,"column":23}},"346":{"start":{"line":590,"column":4},"end":{"line":633,"column":25}},"347":{"start":{"line":591,"column":6},"end":{"line":632,"column":7}},"348":{"start":{"line":591,"column":16},"end":{"line":632,"column":7}},"349":{"start":{"line":593,"column":10},"end":{"line":596,"column":11}},"350":{"start":{"line":594,"column":12},"end":{"line":594,"column":33}},"351":{"start":{"line":595,"column":12},"end":{"line":595,"column":18}},"352":{"start":{"line":598,"column":10},"end":{"line":598,"column":31}},"353":{"start":{"line":599,"column":10},"end":{"line":599,"column":20}},"354":{"start":{"line":602,"column":10},"end":{"line":602,"column":34}},"355":{"start":{"line":605,"column":10},"end":{"line":605,"column":23}},"356":{"start":{"line":608,"column":10},"end":{"line":608,"column":31}},"357":{"start":{"line":609,"column":10},"end":{"line":609,"column":20}},"358":{"start":{"line":612,"column":10},"end":{"line":612,"column":54}},"359":{"start":{"line":614,"column":10},"end":{"line":617,"column":11}},"360":{"start":{"line":615,"column":12},"end":{"line":615,"column":34}},"361":{"start":{"line":616,"column":12},"end":{"line":616,"column":18}},"362":{"start":{"line":619,"column":10},"end":{"line":619,"column":32}},"363":{"start":{"line":620,"column":10},"end":{"line":620,"column":64}},"364":{"start":{"line":623,"column":10},"end":{"line":623,"column":31}},"365":{"start":{"line":624,"column":10},"end":{"line":624,"column":16}},"366":{"start":{"line":627,"column":10},"end":{"line":627,"column":20}},"367":{"start":{"line":631,"column":10},"end":{"line":631,"column":36}},"368":{"start":{"line":635,"column":2},"end":{"line":635,"column":11}},"369":{"start":{"line":638,"column":0},"end":{"line":638,"column":14}},"370":{"start":{"line":640,"column":0},"end":{"line":663,"column":1}},"371":{"start":{"line":641,"column":2},"end":{"line":641,"column":29}},"372":{"start":{"line":642,"column":2},"end":{"line":661,"column":9}},"373":{"start":{"line":643,"column":4},"end":{"line":660,"column":13}},"374":{"start":{"line":644,"column":6},"end":{"line":659,"column":10}},"375":{"start":{"line":645,"column":8},"end":{"line":658,"column":29}},"376":{"start":{"line":646,"column":10},"end":{"line":657,"column":11}},"377":{"start":{"line":646,"column":20},"end":{"line":657,"column":11}},"378":{"start":{"line":648,"column":14},"end":{"line":648,"column":35}},"379":{"start":{"line":649,"column":14},"end":{"line":649,"column":48}},"380":{"start":{"line":652,"column":14},"end":{"line":652,"column":27}},"381":{"start":{"line":656,"column":14},"end":{"line":656,"column":40}},"382":{"start":{"line":662,"column":2},"end":{"line":662,"column":11}},"383":{"start":{"line":667,"column":0},"end":{"line":711,"column":1}},"384":{"start":{"line":668,"column":2},"end":{"line":668,"column":29}},"385":{"start":{"line":669,"column":2},"end":{"line":708,"column":6}},"386":{"start":{"line":670,"column":4},"end":{"line":670,"column":19}},"387":{"start":{"line":671,"column":4},"end":{"line":707,"column":25}},"388":{"start":{"line":672,"column":6},"end":{"line":706,"column":7}},"389":{"start":{"line":672,"column":16},"end":{"line":706,"column":7}},"390":{"start":{"line":674,"column":10},"end":{"line":674,"column":31}},"391":{"start":{"line":675,"column":10},"end":{"line":675,"column":20}},"392":{"start":{"line":678,"column":10},"end":{"line":678,"column":35}},"393":{"start":{"line":681,"column":10},"end":{"line":684,"column":11}},"394":{"start":{"line":682,"column":12},"end":{"line":682,"column":34}},"395":{"start":{"line":683,"column":12},"end":{"line":683,"column":18}},"396":{"start":{"line":686,"column":10},"end":{"line":686,"column":31}},"397":{"start":{"line":687,"column":10},"end":{"line":687,"column":67}},"398":{"start":{"line":690,"column":10},"end":{"line":690,"column":33}},"399":{"start":{"line":692,"column":10},"end":{"line":696,"column":11}},"400":{"start":{"line":693,"column":12},"end":{"line":693,"column":43}},"401":{"start":{"line":695,"column":12},"end":{"line":695,"column":30}},"402":{"start":{"line":697,"column":10},"end":{"line":697,"column":31}},"403":{"start":{"line":698,"column":10},"end":{"line":698,"column":16}},"404":{"start":{"line":701,"column":10},"end":{"line":701,"column":20}},"405":{"start":{"line":705,"column":10},"end":{"line":705,"column":36}},"406":{"start":{"line":710,"column":2},"end":{"line":710,"column":11}},"407":{"start":{"line":713,"column":0},"end":{"line":763,"column":1}},"408":{"start":{"line":714,"column":2},"end":{"line":714,"column":29}},"409":{"start":{"line":716,"column":2},"end":{"line":761,"column":6}},"410":{"start":{"line":717,"column":4},"end":{"line":717,"column":22}},"411":{"start":{"line":718,"column":4},"end":{"line":760,"column":25}},"412":{"start":{"line":719,"column":6},"end":{"line":759,"column":7}},"413":{"start":{"line":719,"column":16},"end":{"line":759,"column":7}},"414":{"start":{"line":721,"column":10},"end":{"line":721,"column":31}},"415":{"start":{"line":722,"column":10},"end":{"line":722,"column":20}},"416":{"start":{"line":725,"column":10},"end":{"line":725,"column":35}},"417":{"start":{"line":726,"column":10},"end":{"line":726,"column":40}},"418":{"start":{"line":729,"column":10},"end":{"line":732,"column":11}},"419":{"start":{"line":730,"column":12},"end":{"line":730,"column":34}},"420":{"start":{"line":731,"column":12},"end":{"line":731,"column":18}},"421":{"start":{"line":734,"column":10},"end":{"line":734,"column":45}},"422":{"start":{"line":735,"column":10},"end":{"line":735,"column":31}},"423":{"start":{"line":736,"column":10},"end":{"line":736,"column":43}},"424":{"start":{"line":739,"column":10},"end":{"line":739,"column":33}},"425":{"start":{"line":741,"column":10},"end":{"line":749,"column":11}},"426":{"start":{"line":742,"column":12},"end":{"line":742,"column":30}},"427":{"start":{"line":743,"column":17},"end":{"line":749,"column":11}},"428":{"start":{"line":744,"column":12},"end":{"line":747,"column":13}},"429":{"start":{"line":745,"column":14},"end":{"line":745,"column":45}},"430":{"start":{"line":746,"column":14},"end":{"line":746,"column":32}},"431":{"start":{"line":748,"column":12},"end":{"line":748,"column":26}},"432":{"start":{"line":750,"column":10},"end":{"line":750,"column":31}},"433":{"start":{"line":751,"column":10},"end":{"line":751,"column":16}},"434":{"start":{"line":754,"column":10},"end":{"line":754,"column":20}},"435":{"start":{"line":758,"column":10},"end":{"line":758,"column":36}},"436":{"start":{"line":762,"column":2},"end":{"line":762,"column":11}},"437":{"start":{"line":765,"column":0},"end":{"line":825,"column":1}},"438":{"start":{"line":766,"column":2},"end":{"line":766,"column":68}},"439":{"start":{"line":768,"column":2},"end":{"line":769,"column":29}},"440":{"start":{"line":770,"column":2},"end":{"line":823,"column":6}},"441":{"start":{"line":771,"column":4},"end":{"line":771,"column":11}},"442":{"start":{"line":772,"column":4},"end":{"line":822,"column":25}},"443":{"start":{"line":773,"column":6},"end":{"line":821,"column":7}},"444":{"start":{"line":773,"column":16},"end":{"line":821,"column":7}},"445":{"start":{"line":775,"column":10},"end":{"line":775,"column":25}},"446":{"start":{"line":778,"column":10},"end":{"line":778,"column":31}},"447":{"start":{"line":779,"column":10},"end":{"line":779,"column":20}},"448":{"start":{"line":782,"column":10},"end":{"line":782,"column":49}},"449":{"start":{"line":784,"column":10},"end":{"line":787,"column":11}},"450":{"start":{"line":785,"column":12},"end":{"line":785,"column":34}},"451":{"start":{"line":786,"column":12},"end":{"line":786,"column":18}},"452":{"start":{"line":789,"column":10},"end":{"line":789,"column":23}},"453":{"start":{"line":791,"column":10},"end":{"line":794,"column":11}},"454":{"start":{"line":792,"column":12},"end":{"line":792,"column":34}},"455":{"start":{"line":793,"column":12},"end":{"line":793,"column":18}},"456":{"start":{"line":796,"column":10},"end":{"line":796,"column":31}},"457":{"start":{"line":797,"column":10},"end":{"line":797,"column":41}},"458":{"start":{"line":800,"column":10},"end":{"line":800,"column":19}},"459":{"start":{"line":803,"column":10},"end":{"line":803,"column":31}},"460":{"start":{"line":804,"column":10},"end":{"line":804,"column":16}},"461":{"start":{"line":807,"column":10},"end":{"line":810,"column":11}},"462":{"start":{"line":808,"column":12},"end":{"line":808,"column":34}},"463":{"start":{"line":809,"column":12},"end":{"line":809,"column":18}},"464":{"start":{"line":812,"column":10},"end":{"line":812,"column":32}},"465":{"start":{"line":813,"column":10},"end":{"line":813,"column":41}},"466":{"start":{"line":816,"column":10},"end":{"line":816,"column":20}},"467":{"start":{"line":820,"column":10},"end":{"line":820,"column":36}},"468":{"start":{"line":824,"column":2},"end":{"line":824,"column":11}},"469":{"start":{"line":827,"column":0},"end":{"line":827,"column":42}},"470":{"start":{"line":833,"column":0},"end":{"line":939,"column":1}},"471":{"start":{"line":834,"column":2},"end":{"line":836,"column":3}},"472":{"start":{"line":835,"column":4},"end":{"line":835,"column":35}},"473":{"start":{"line":838,"column":2},"end":{"line":838,"column":29}},"474":{"start":{"line":839,"column":2},"end":{"line":937,"column":6}},"475":{"start":{"line":840,"column":4},"end":{"line":840,"column":112}},"476":{"start":{"line":842,"column":4},"end":{"line":936,"column":59}},"477":{"start":{"line":843,"column":6},"end":{"line":935,"column":7}},"478":{"start":{"line":843,"column":16},"end":{"line":935,"column":7}},"479":{"start":{"line":845,"column":10},"end":{"line":845,"column":23}},"480":{"start":{"line":848,"column":10},"end":{"line":851,"column":11}},"481":{"start":{"line":849,"column":12},"end":{"line":849,"column":34}},"482":{"start":{"line":850,"column":12},"end":{"line":850,"column":18}},"483":{"start":{"line":853,"column":10},"end":{"line":853,"column":19}},"484":{"start":{"line":854,"column":10},"end":{"line":854,"column":44}},"485":{"start":{"line":855,"column":10},"end":{"line":855,"column":37}},"486":{"start":{"line":856,"column":10},"end":{"line":856,"column":38}},"487":{"start":{"line":857,"column":10},"end":{"line":857,"column":31}},"488":{"start":{"line":858,"column":10},"end":{"line":858,"column":47}},"489":{"start":{"line":861,"column":10},"end":{"line":864,"column":11}},"490":{"start":{"line":862,"column":12},"end":{"line":862,"column":34}},"491":{"start":{"line":863,"column":12},"end":{"line":863,"column":18}},"492":{"start":{"line":866,"column":10},"end":{"line":866,"column":29}},"493":{"start":{"line":868,"column":10},"end":{"line":871,"column":11}},"494":{"start":{"line":869,"column":12},"end":{"line":869,"column":34}},"495":{"start":{"line":870,"column":12},"end":{"line":870,"column":18}},"496":{"start":{"line":873,"column":10},"end":{"line":873,"column":32}},"497":{"start":{"line":874,"column":10},"end":{"line":874,"column":21}},"498":{"start":{"line":877,"column":10},"end":{"line":877,"column":32}},"499":{"start":{"line":879,"column":10},"end":{"line":883,"column":11}},"500":{"start":{"line":880,"column":12},"end":{"line":880,"column":24}},"501":{"start":{"line":882,"column":12},"end":{"line":882,"column":25}},"502":{"start":{"line":886,"column":10},"end":{"line":886,"column":44}},"503":{"start":{"line":887,"column":10},"end":{"line":887,"column":31}},"504":{"start":{"line":888,"column":10},"end":{"line":888,"column":16}},"505":{"start":{"line":891,"column":10},"end":{"line":891,"column":32}},"506":{"start":{"line":892,"column":10},"end":{"line":892,"column":16}},"507":{"start":{"line":895,"column":10},"end":{"line":895,"column":32}},"508":{"start":{"line":896,"column":10},"end":{"line":896,"column":51}},"509":{"start":{"line":897,"column":10},"end":{"line":897,"column":36}},"510":{"start":{"line":898,"column":10},"end":{"line":898,"column":43}},"511":{"start":{"line":901,"column":10},"end":{"line":901,"column":32}},"512":{"start":{"line":902,"column":10},"end":{"line":902,"column":32}},"513":{"start":{"line":904,"column":10},"end":{"line":906,"column":11}},"514":{"start":{"line":905,"column":12},"end":{"line":905,"column":35}},"515":{"start":{"line":909,"column":10},"end":{"line":909,"column":32}},"516":{"start":{"line":911,"column":10},"end":{"line":914,"column":11}},"517":{"start":{"line":912,"column":12},"end":{"line":912,"column":34}},"518":{"start":{"line":913,"column":12},"end":{"line":913,"column":18}},"519":{"start":{"line":916,"column":10},"end":{"line":916,"column":32}},"520":{"start":{"line":919,"column":10},"end":{"line":919,"column":40}},"521":{"start":{"line":922,"column":10},"end":{"line":922,"column":40}},"522":{"start":{"line":925,"column":10},"end":{"line":925,"column":39}},"523":{"start":{"line":926,"column":10},"end":{"line":926,"column":31}},"524":{"start":{"line":927,"column":10},"end":{"line":927,"column":16}},"525":{"start":{"line":930,"column":10},"end":{"line":930,"column":20}},"526":{"start":{"line":934,"column":10},"end":{"line":934,"column":36}},"527":{"start":{"line":938,"column":2},"end":{"line":938,"column":11}},"528":{"start":{"line":943,"column":0},"end":{"line":1078,"column":1}},"529":{"start":{"line":944,"column":2},"end":{"line":946,"column":3}},"530":{"start":{"line":945,"column":4},"end":{"line":945,"column":35}},"531":{"start":{"line":948,"column":2},"end":{"line":948,"column":29}},"532":{"start":{"line":949,"column":2},"end":{"line":1076,"column":6}},"533":{"start":{"line":950,"column":4},"end":{"line":950,"column":117}},"534":{"start":{"line":952,"column":4},"end":{"line":1075,"column":59}},"535":{"start":{"line":953,"column":6},"end":{"line":1074,"column":7}},"536":{"start":{"line":953,"column":16},"end":{"line":1074,"column":7}},"537":{"start":{"line":955,"column":10},"end":{"line":955,"column":24}},"538":{"start":{"line":956,"column":10},"end":{"line":991,"column":13}},"539":{"start":{"line":957,"column":12},"end":{"line":957,"column":41}},"540":{"start":{"line":958,"column":12},"end":{"line":989,"column":16}},"541":{"start":{"line":959,"column":14},"end":{"line":959,"column":21}},"542":{"start":{"line":960,"column":14},"end":{"line":988,"column":35}},"543":{"start":{"line":961,"column":16},"end":{"line":987,"column":17}},"544":{"start":{"line":961,"column":26},"end":{"line":987,"column":17}},"545":{"start":{"line":963,"column":20},"end":{"line":963,"column":35}},"546":{"start":{"line":966,"column":20},"end":{"line":966,"column":41}},"547":{"start":{"line":967,"column":20},"end":{"line":967,"column":31}},"548":{"start":{"line":970,"column":20},"end":{"line":970,"column":59}},"549":{"start":{"line":972,"column":20},"end":{"line":975,"column":21}},"550":{"start":{"line":973,"column":22},"end":{"line":973,"column":43}},"551":{"start":{"line":974,"column":22},"end":{"line":974,"column":28}},"552":{"start":{"line":977,"column":20},"end":{"line":977,"column":50}},"553":{"start":{"line":978,"column":20},"end":{"line":978,"column":41}},"554":{"start":{"line":979,"column":20},"end":{"line":979,"column":26}},"555":{"start":{"line":982,"column":20},"end":{"line":982,"column":56}},"556":{"start":{"line":986,"column":20},"end":{"line":986,"column":46}},"557":{"start":{"line":990,"column":12},"end":{"line":990,"column":23}},"558":{"start":{"line":992,"column":10},"end":{"line":992,"column":44}},"559":{"start":{"line":993,"column":10},"end":{"line":993,"column":37}},"560":{"start":{"line":994,"column":10},"end":{"line":994,"column":38}},"561":{"start":{"line":995,"column":10},"end":{"line":995,"column":31}},"562":{"start":{"line":996,"column":10},"end":{"line":996,"column":47}},"563":{"start":{"line":999,"column":10},"end":{"line":1002,"column":11}},"564":{"start":{"line":1000,"column":12},"end":{"line":1000,"column":34}},"565":{"start":{"line":1001,"column":12},"end":{"line":1001,"column":18}},"566":{"start":{"line":1004,"column":10},"end":{"line":1004,"column":29}},"567":{"start":{"line":1005,"column":10},"end":{"line":1005,"column":25}},"568":{"start":{"line":1008,"column":10},"end":{"line":1008,"column":32}},"569":{"start":{"line":1009,"column":10},"end":{"line":1009,"column":21}},"570":{"start":{"line":1012,"column":10},"end":{"line":1012,"column":49}},"571":{"start":{"line":1014,"column":10},"end":{"line":1017,"column":11}},"572":{"start":{"line":1015,"column":12},"end":{"line":1015,"column":34}},"573":{"start":{"line":1016,"column":12},"end":{"line":1016,"column":18}},"574":{"start":{"line":1019,"column":10},"end":{"line":1019,"column":32}},"575":{"start":{"line":1020,"column":10},"end":{"line":1020,"column":40}},"576":{"start":{"line":1023,"column":10},"end":{"line":1023,"column":32}},"577":{"start":{"line":1024,"column":10},"end":{"line":1024,"column":16}},"578":{"start":{"line":1027,"column":10},"end":{"line":1027,"column":44}},"579":{"start":{"line":1028,"column":10},"end":{"line":1028,"column":31}},"580":{"start":{"line":1029,"column":10},"end":{"line":1029,"column":16}},"581":{"start":{"line":1032,"column":10},"end":{"line":1032,"column":32}},"582":{"start":{"line":1033,"column":10},"end":{"line":1033,"column":16}},"583":{"start":{"line":1036,"column":10},"end":{"line":1036,"column":32}},"584":{"start":{"line":1037,"column":10},"end":{"line":1037,"column":51}},"585":{"start":{"line":1038,"column":10},"end":{"line":1038,"column":36}},"586":{"start":{"line":1039,"column":10},"end":{"line":1039,"column":43}},"587":{"start":{"line":1042,"column":10},"end":{"line":1042,"column":32}},"588":{"start":{"line":1043,"column":10},"end":{"line":1043,"column":32}},"589":{"start":{"line":1045,"column":10},"end":{"line":1047,"column":11}},"590":{"start":{"line":1046,"column":12},"end":{"line":1046,"column":35}},"591":{"start":{"line":1050,"column":10},"end":{"line":1050,"column":32}},"592":{"start":{"line":1052,"column":10},"end":{"line":1055,"column":11}},"593":{"start":{"line":1053,"column":12},"end":{"line":1053,"column":34}},"594":{"start":{"line":1054,"column":12},"end":{"line":1054,"column":18}},"595":{"start":{"line":1057,"column":10},"end":{"line":1057,"column":32}},"596":{"start":{"line":1060,"column":10},"end":{"line":1060,"column":40}},"597":{"start":{"line":1063,"column":10},"end":{"line":1063,"column":40}},"598":{"start":{"line":1066,"column":10},"end":{"line":1068,"column":13}},"599":{"start":{"line":1067,"column":12},"end":{"line":1067,"column":31}},"600":{"start":{"line":1069,"column":10},"end":{"line":1069,"column":20}},"601":{"start":{"line":1073,"column":10},"end":{"line":1073,"column":36}},"602":{"start":{"line":1077,"column":2},"end":{"line":1077,"column":11}},"603":{"start":{"line":1080,"column":0},"end":{"line":1080,"column":15}},"604":{"start":{"line":1082,"column":0},"end":{"line":1158,"column":1}},"605":{"start":{"line":1083,"column":2},"end":{"line":1083,"column":63}},"606":{"start":{"line":1085,"column":2},"end":{"line":1085,"column":29}},"607":{"start":{"line":1087,"column":2},"end":{"line":1115,"column":6}},"608":{"start":{"line":1088,"column":4},"end":{"line":1088,"column":11}},"609":{"start":{"line":1089,"column":4},"end":{"line":1114,"column":25}},"610":{"start":{"line":1090,"column":6},"end":{"line":1113,"column":7}},"611":{"start":{"line":1090,"column":16},"end":{"line":1113,"column":7}},"612":{"start":{"line":1092,"column":10},"end":{"line":1092,"column":25}},"613":{"start":{"line":1095,"column":10},"end":{"line":1095,"column":31}},"614":{"start":{"line":1096,"column":10},"end":{"line":1096,"column":23}},"615":{"start":{"line":1099,"column":10},"end":{"line":1099,"column":49}},"616":{"start":{"line":1101,"column":10},"end":{"line":1104,"column":11}},"617":{"start":{"line":1102,"column":12},"end":{"line":1102,"column":33}},"618":{"start":{"line":1103,"column":12},"end":{"line":1103,"column":18}},"619":{"start":{"line":1106,"column":10},"end":{"line":1106,"column":22}},"620":{"start":{"line":1107,"column":10},"end":{"line":1107,"column":31}},"621":{"start":{"line":1108,"column":10},"end":{"line":1108,"column":16}},"622":{"start":{"line":1112,"column":10},"end":{"line":1112,"column":36}},"623":{"start":{"line":1117,"column":2},"end":{"line":1156,"column":6}},"624":{"start":{"line":1118,"column":4},"end":{"line":1118,"column":11}},"625":{"start":{"line":1119,"column":4},"end":{"line":1155,"column":25}},"626":{"start":{"line":1120,"column":6},"end":{"line":1154,"column":7}},"627":{"start":{"line":1120,"column":16},"end":{"line":1154,"column":7}},"628":{"start":{"line":1122,"column":10},"end":{"line":1122,"column":25}},"629":{"start":{"line":1125,"column":10},"end":{"line":1125,"column":31}},"630":{"start":{"line":1126,"column":10},"end":{"line":1126,"column":20}},"631":{"start":{"line":1129,"column":10},"end":{"line":1129,"column":49}},"632":{"start":{"line":1131,"column":10},"end":{"line":1134,"column":11}},"633":{"start":{"line":1132,"column":12},"end":{"line":1132,"column":34}},"634":{"start":{"line":1133,"column":12},"end":{"line":1133,"column":18}},"635":{"start":{"line":1136,"column":10},"end":{"line":1139,"column":11}},"636":{"start":{"line":1137,"column":12},"end":{"line":1137,"column":33}},"637":{"start":{"line":1138,"column":12},"end":{"line":1138,"column":18}},"638":{"start":{"line":1141,"column":10},"end":{"line":1141,"column":31}},"639":{"start":{"line":1142,"column":10},"end":{"line":1142,"column":40}},"640":{"start":{"line":1145,"column":10},"end":{"line":1145,"column":31}},"641":{"start":{"line":1146,"column":10},"end":{"line":1146,"column":16}},"642":{"start":{"line":1149,"column":10},"end":{"line":1149,"column":20}},"643":{"start":{"line":1153,"column":10},"end":{"line":1153,"column":36}},"644":{"start":{"line":1157,"column":2},"end":{"line":1157,"column":11}},"645":{"start":{"line":1162,"column":0},"end":{"line":1232,"column":1}},"646":{"start":{"line":1163,"column":2},"end":{"line":1164,"column":12}},"647":{"start":{"line":1166,"column":2},"end":{"line":1194,"column":6}},"648":{"start":{"line":1167,"column":4},"end":{"line":1167,"column":11}},"649":{"start":{"line":1168,"column":4},"end":{"line":1193,"column":25}},"650":{"start":{"line":1169,"column":6},"end":{"line":1192,"column":7}},"651":{"start":{"line":1169,"column":16},"end":{"line":1192,"column":7}},"652":{"start":{"line":1171,"column":10},"end":{"line":1171,"column":25}},"653":{"start":{"line":1174,"column":10},"end":{"line":1174,"column":31}},"654":{"start":{"line":1175,"column":10},"end":{"line":1175,"column":20}},"655":{"start":{"line":1178,"column":10},"end":{"line":1178,"column":49}},"656":{"start":{"line":1180,"column":10},"end":{"line":1183,"column":11}},"657":{"start":{"line":1181,"column":12},"end":{"line":1181,"column":33}},"658":{"start":{"line":1182,"column":12},"end":{"line":1182,"column":18}},"659":{"start":{"line":1185,"column":10},"end":{"line":1185,"column":21}},"660":{"start":{"line":1186,"column":10},"end":{"line":1186,"column":31}},"661":{"start":{"line":1187,"column":10},"end":{"line":1187,"column":16}},"662":{"start":{"line":1191,"column":10},"end":{"line":1191,"column":36}},"663":{"start":{"line":1196,"column":2},"end":{"line":1230,"column":6}},"664":{"start":{"line":1197,"column":4},"end":{"line":1197,"column":11}},"665":{"start":{"line":1198,"column":4},"end":{"line":1229,"column":25}},"666":{"start":{"line":1199,"column":6},"end":{"line":1228,"column":7}},"667":{"start":{"line":1199,"column":16},"end":{"line":1228,"column":7}},"668":{"start":{"line":1201,"column":10},"end":{"line":1201,"column":25}},"669":{"start":{"line":1204,"column":10},"end":{"line":1204,"column":31}},"670":{"start":{"line":1205,"column":10},"end":{"line":1205,"column":23}},"671":{"start":{"line":1208,"column":10},"end":{"line":1208,"column":49}},"672":{"start":{"line":1210,"column":10},"end":{"line":1213,"column":11}},"673":{"start":{"line":1211,"column":12},"end":{"line":1211,"column":33}},"674":{"start":{"line":1212,"column":12},"end":{"line":1212,"column":18}},"675":{"start":{"line":1215,"column":10},"end":{"line":1215,"column":31}},"676":{"start":{"line":1216,"column":10},"end":{"line":1216,"column":43}},"677":{"start":{"line":1219,"column":10},"end":{"line":1219,"column":31}},"678":{"start":{"line":1220,"column":10},"end":{"line":1220,"column":16}},"679":{"start":{"line":1223,"column":10},"end":{"line":1223,"column":20}},"680":{"start":{"line":1227,"column":10},"end":{"line":1227,"column":36}},"681":{"start":{"line":1231,"column":2},"end":{"line":1231,"column":11}},"682":{"start":{"line":1234,"column":0},"end":{"line":1314,"column":1}},"683":{"start":{"line":1235,"column":2},"end":{"line":1235,"column":62}},"684":{"start":{"line":1237,"column":2},"end":{"line":1237,"column":29}},"685":{"start":{"line":1239,"column":2},"end":{"line":1267,"column":6}},"686":{"start":{"line":1240,"column":4},"end":{"line":1240,"column":11}},"687":{"start":{"line":1241,"column":4},"end":{"line":1266,"column":25}},"688":{"start":{"line":1242,"column":6},"end":{"line":1265,"column":7}},"689":{"start":{"line":1242,"column":16},"end":{"line":1265,"column":7}},"690":{"start":{"line":1244,"column":10},"end":{"line":1244,"column":25}},"691":{"start":{"line":1247,"column":10},"end":{"line":1247,"column":31}},"692":{"start":{"line":1248,"column":10},"end":{"line":1248,"column":23}},"693":{"start":{"line":1251,"column":10},"end":{"line":1254,"column":11}},"694":{"start":{"line":1252,"column":12},"end":{"line":1252,"column":33}},"695":{"start":{"line":1253,"column":12},"end":{"line":1253,"column":18}},"696":{"start":{"line":1256,"column":10},"end":{"line":1256,"column":31}},"697":{"start":{"line":1257,"column":10},"end":{"line":1257,"column":16}},"698":{"start":{"line":1260,"column":10},"end":{"line":1260,"column":23}},"699":{"start":{"line":1264,"column":10},"end":{"line":1264,"column":36}},"700":{"start":{"line":1269,"column":2},"end":{"line":1312,"column":6}},"701":{"start":{"line":1270,"column":4},"end":{"line":1270,"column":11}},"702":{"start":{"line":1271,"column":4},"end":{"line":1311,"column":25}},"703":{"start":{"line":1272,"column":6},"end":{"line":1310,"column":7}},"704":{"start":{"line":1272,"column":16},"end":{"line":1310,"column":7}},"705":{"start":{"line":1274,"column":10},"end":{"line":1274,"column":25}},"706":{"start":{"line":1277,"column":10},"end":{"line":1277,"column":31}},"707":{"start":{"line":1278,"column":10},"end":{"line":1278,"column":20}},"708":{"start":{"line":1281,"column":10},"end":{"line":1281,"column":49}},"709":{"start":{"line":1282,"column":10},"end":{"line":1282,"column":72}},"710":{"start":{"line":1284,"column":10},"end":{"line":1287,"column":11}},"711":{"start":{"line":1285,"column":12},"end":{"line":1285,"column":33}},"712":{"start":{"line":1286,"column":12},"end":{"line":1286,"column":18}},"713":{"start":{"line":1289,"column":10},"end":{"line":1289,"column":32}},"714":{"start":{"line":1292,"column":10},"end":{"line":1295,"column":11}},"715":{"start":{"line":1293,"column":12},"end":{"line":1293,"column":34}},"716":{"start":{"line":1294,"column":12},"end":{"line":1294,"column":18}},"717":{"start":{"line":1297,"column":10},"end":{"line":1297,"column":32}},"718":{"start":{"line":1298,"column":10},"end":{"line":1298,"column":40}},"719":{"start":{"line":1301,"column":10},"end":{"line":1301,"column":31}},"720":{"start":{"line":1302,"column":10},"end":{"line":1302,"column":16}},"721":{"start":{"line":1305,"column":10},"end":{"line":1305,"column":20}},"722":{"start":{"line":1309,"column":10},"end":{"line":1309,"column":36}},"723":{"start":{"line":1313,"column":2},"end":{"line":1313,"column":11}},"724":{"start":{"line":1316,"column":0},"end":{"line":1383,"column":1}},"725":{"start":{"line":1317,"column":2},"end":{"line":1317,"column":62}},"726":{"start":{"line":1319,"column":2},"end":{"line":1319,"column":29}},"727":{"start":{"line":1321,"column":2},"end":{"line":1336,"column":6}},"728":{"start":{"line":1322,"column":4},"end":{"line":1335,"column":25}},"729":{"start":{"line":1323,"column":6},"end":{"line":1334,"column":7}},"730":{"start":{"line":1323,"column":16},"end":{"line":1334,"column":7}},"731":{"start":{"line":1325,"column":10},"end":{"line":1325,"column":31}},"732":{"start":{"line":1326,"column":10},"end":{"line":1326,"column":23}},"733":{"start":{"line":1329,"column":10},"end":{"line":1329,"column":23}},"734":{"start":{"line":1333,"column":10},"end":{"line":1333,"column":36}},"735":{"start":{"line":1338,"column":2},"end":{"line":1381,"column":6}},"736":{"start":{"line":1339,"column":4},"end":{"line":1339,"column":11}},"737":{"start":{"line":1340,"column":4},"end":{"line":1380,"column":25}},"738":{"start":{"line":1341,"column":6},"end":{"line":1379,"column":7}},"739":{"start":{"line":1341,"column":16},"end":{"line":1379,"column":7}},"740":{"start":{"line":1343,"column":10},"end":{"line":1343,"column":25}},"741":{"start":{"line":1346,"column":10},"end":{"line":1346,"column":31}},"742":{"start":{"line":1347,"column":10},"end":{"line":1347,"column":20}},"743":{"start":{"line":1350,"column":10},"end":{"line":1350,"column":49}},"744":{"start":{"line":1351,"column":10},"end":{"line":1351,"column":72}},"745":{"start":{"line":1353,"column":10},"end":{"line":1356,"column":11}},"746":{"start":{"line":1354,"column":12},"end":{"line":1354,"column":33}},"747":{"start":{"line":1355,"column":12},"end":{"line":1355,"column":18}},"748":{"start":{"line":1358,"column":10},"end":{"line":1358,"column":32}},"749":{"start":{"line":1361,"column":10},"end":{"line":1364,"column":11}},"750":{"start":{"line":1362,"column":12},"end":{"line":1362,"column":34}},"751":{"start":{"line":1363,"column":12},"end":{"line":1363,"column":18}},"752":{"start":{"line":1366,"column":10},"end":{"line":1366,"column":32}},"753":{"start":{"line":1367,"column":10},"end":{"line":1367,"column":40}},"754":{"start":{"line":1370,"column":10},"end":{"line":1370,"column":31}},"755":{"start":{"line":1371,"column":10},"end":{"line":1371,"column":16}},"756":{"start":{"line":1374,"column":10},"end":{"line":1374,"column":20}},"757":{"start":{"line":1378,"column":10},"end":{"line":1378,"column":36}},"758":{"start":{"line":1382,"column":2},"end":{"line":1382,"column":11}},"759":{"start":{"line":1385,"column":0},"end":{"line":1462,"column":1}},"760":{"start":{"line":1386,"column":2},"end":{"line":1387,"column":15}},"761":{"start":{"line":1389,"column":2},"end":{"line":1418,"column":6}},"762":{"start":{"line":1390,"column":4},"end":{"line":1390,"column":11}},"763":{"start":{"line":1391,"column":4},"end":{"line":1417,"column":25}},"764":{"start":{"line":1392,"column":6},"end":{"line":1416,"column":7}},"765":{"start":{"line":1392,"column":16},"end":{"line":1416,"column":7}},"766":{"start":{"line":1394,"column":10},"end":{"line":1394,"column":25}},"767":{"start":{"line":1397,"column":10},"end":{"line":1397,"column":31}},"768":{"start":{"line":1398,"column":10},"end":{"line":1398,"column":23}},"769":{"start":{"line":1401,"column":10},"end":{"line":1401,"column":49}},"770":{"start":{"line":1403,"column":10},"end":{"line":1406,"column":11}},"771":{"start":{"line":1404,"column":12},"end":{"line":1404,"column":33}},"772":{"start":{"line":1405,"column":12},"end":{"line":1405,"column":18}},"773":{"start":{"line":1408,"column":10},"end":{"line":1408,"column":39}},"774":{"start":{"line":1409,"column":10},"end":{"line":1409,"column":19}},"775":{"start":{"line":1410,"column":10},"end":{"line":1410,"column":31}},"776":{"start":{"line":1411,"column":10},"end":{"line":1411,"column":16}},"777":{"start":{"line":1415,"column":10},"end":{"line":1415,"column":36}},"778":{"start":{"line":1420,"column":2},"end":{"line":1460,"column":6}},"779":{"start":{"line":1421,"column":4},"end":{"line":1421,"column":11}},"780":{"start":{"line":1422,"column":4},"end":{"line":1459,"column":25}},"781":{"start":{"line":1423,"column":6},"end":{"line":1458,"column":7}},"782":{"start":{"line":1423,"column":16},"end":{"line":1458,"column":7}},"783":{"start":{"line":1425,"column":10},"end":{"line":1425,"column":25}},"784":{"start":{"line":1428,"column":10},"end":{"line":1428,"column":31}},"785":{"start":{"line":1429,"column":10},"end":{"line":1429,"column":20}},"786":{"start":{"line":1432,"column":10},"end":{"line":1432,"column":49}},"787":{"start":{"line":1434,"column":10},"end":{"line":1437,"column":11}},"788":{"start":{"line":1435,"column":12},"end":{"line":1435,"column":33}},"789":{"start":{"line":1436,"column":12},"end":{"line":1436,"column":18}},"790":{"start":{"line":1439,"column":10},"end":{"line":1439,"column":23}},"791":{"start":{"line":1440,"column":10},"end":{"line":1440,"column":31}},"792":{"start":{"line":1441,"column":10},"end":{"line":1441,"column":16}},"793":{"start":{"line":1444,"column":10},"end":{"line":1447,"column":11}},"794":{"start":{"line":1445,"column":12},"end":{"line":1445,"column":34}},"795":{"start":{"line":1446,"column":12},"end":{"line":1446,"column":18}},"796":{"start":{"line":1449,"column":10},"end":{"line":1449,"column":32}},"797":{"start":{"line":1450,"column":10},"end":{"line":1450,"column":41}},"798":{"start":{"line":1453,"column":10},"end":{"line":1453,"column":20}},"799":{"start":{"line":1457,"column":10},"end":{"line":1457,"column":36}},"800":{"start":{"line":1461,"column":2},"end":{"line":1461,"column":11}},"801":{"start":{"line":1464,"column":0},"end":{"line":1464,"column":59}}},"branchMap":{"1":{"line":10,"type":"binary-expr","locations":[{"start":{"line":10,"column":169},"end":{"line":10,"column":190}},{"start":{"line":10,"column":194},"end":{"line":10,"column":199}}]},"2":{"line":10,"type":"if","locations":[{"start":{"line":10,"column":233},"end":{"line":10,"column":233}},{"start":{"line":10,"column":233},"end":{"line":10,"column":233}}]},"3":{"line":10,"type":"if","locations":[{"start":{"line":10,"column":408},"end":{"line":10,"column":408}},{"start":{"line":10,"column":408},"end":{"line":10,"column":408}}]},"4":{"line":10,"type":"if","locations":[{"start":{"line":10,"column":477},"end":{"line":10,"column":477}},{"start":{"line":10,"column":477},"end":{"line":10,"column":477}}]},"5":{"line":46,"type":"cond-expr","locations":[{"start":{"line":46,"column":70},"end":{"line":46,"column":73}},{"start":{"line":46,"column":76},"end":{"line":46,"column":94}}]},"6":{"line":46,"type":"binary-expr","locations":[{"start":{"line":46,"column":46},"end":{"line":46,"column":49}},{"start":{"line":46,"column":53},"end":{"line":46,"column":67}}]},"7":{"line":50,"type":"if","locations":[{"start":{"line":50,"column":50},"end":{"line":50,"column":50}},{"start":
[...]
mn":11}},{"start":{"line":479,"column":8},"end":{"line":487,"column":32}},{"start":{"line":489,"column":8},"end":{"line":490,"column":40}},{"start":{"line":492,"column":8},"end":{"line":493,"column":40}},{"start":{"line":495,"column":8},"end":{"line":497,"column":16}},{"start":{"line":499,"column":8},"end":{"line":500,"column":20}},{"start":{"line":502,"column":8},"end":{"line":502,"column":16}},{"start":{"line":503,"column":8},"end":{"line":504,"column":36}}]},"24":{"line":435,"type":"if","locations":[{"start":{"line":435,"column":10},"end":{"line":435,"column":10}},{"start":{"line":435,"column":10},"end":{"line":435,"column":10}}]},"25":{"line":447,"type":"if","locations":[{"start":{"line":447,"column":10},"end":{"line":447,"column":10}},{"start":{"line":447,"column":10},"end":{"line":447,"column":10}}]},"26":{"line":475,"type":"if","locations":[{"start":{"line":475,"column":10},"end":{"line":475,"column":10}},{"start":{"line":475,"column":10},"end":{"line":475,"column":10}}]},"27":{"line":475,"type":"binary-expr","locations":[{"start":{"line":475,"column":14},"end":{"line":475,"column":41}},{"start":{"line":475,"column":45},"end":{"line":475,"column":65}}]},"28":{"line":482,"type":"if","locations":[{"start":{"line":482,"column":10},"end":{"line":482,"column":10}},{"start":{"line":482,"column":10},"end":{"line":482,"column":10}}]},"29":{"line":530,"type":"cond-expr","locations":[{"start":{"line":530,"column":40},"end":{"line":532,"column":3}},{"start":{"line":532,"column":6},"end":{"line":532,"column":18}}]},"30":{"line":538,"type":"switch","locations":[{"start":{"line":539,"column":8},"end":{"line":546,"column":20}},{"start":{"line":548,"column":8},"end":{"line":549,"column":34}},{"start":{"line":551,"column":8},"end":{"line":552,"column":23}},{"start":{"line":554,"column":8},"end":{"line":556,"column":20}},{"start":{"line":558,"column":8},"end":{"line":567,"column":56}},{"start":{"line":569,"column":8},"end":{"line":572,"column":16}},{"start":{"line":574,"column":8},"end":{"line":575,"column":20}},{"start":{"line":577,"column":8},"end":{"line":577,"column":16}},{"start":{"line":578,"column":8},"end":{"line":579,"column":36}}]},"31":{"line":540,"type":"if","locations":[{"start":{"line":540,"column":10},"end":{"line":540,"column":10}},{"start":{"line":540,"column":10},"end":{"line":540,"column":10}}]},"32":{"line":561,"type":"if","locations":[{"start":{"line":561,"column":10},"end":{"line":561,"column":10}},{"start":{"line":561,"column":10},"end":{"line":561,"column":10}}]},"33":{"line":591,"type":"switch","locations":[{"start":{"line":592,"column":8},"end":{"line":599,"column":20}},{"start":{"line":601,"column":8},"end":{"line":602,"column":34}},{"start":{"line":604,"column":8},"end":{"line":605,"column":23}},{"start":{"line":607,"column":8},"end":{"line":609,"column":20}},{"start":{"line":611,"column":8},"end":{"line":620,"column":64}},{"start":{"line":622,"column":8},"end":{"line":624,"column":16}},{"start":{"line":626,"column":8},"end":{"line":627,"column":20}},{"start":{"line":629,"column":8},"end":{"line":629,"column":16}},{"start":{"line":630,"column":8},"end":{"line":631,"column":36}}]},"34":{"line":593,"type":"if","locations":[{"start":{"line":593,"column":10},"end":{"line":593,"column":10}},{"start":{"line":593,"column":10},"end":{"line":593,"column":10}}]},"35":{"line":614,"type":"if","locations":[{"start":{"line":614,"column":10},"end":{"line":614,"column":10}},{"start":{"line":614,"column":10},"end":{"line":614,"column":10}}]},"36":{"line":646,"type":"switch","locations":[{"start":{"line":647,"column":12},"end":{"line":649,"column":48}},{"start":{"line":651,"column":12},"end":{"line":652,"column":27}},{"start":{"line":654,"column":12},"end":{"line":654,"column":19}},{"start":{"line":655,"column":12},"end":{"line":656,"column":40}}]},"37":{"line":672,"type":"switch","locations":[{"start":{"line":673,"column":8},"end":{"line":675,"column":20}},{"start":{"line":677,"column":8},"end":{"line":678,"column":35}},{"start":{"line":680,"column":8},"end":{"line":687,"column":67}},{"start":{"line":689,"column":8},"end":{"line":698,"column":16}},{"start":{"line":700,"column":8},"end":{"line":701,"column":20}},{"start":{"line":703,"column":8},"end":{"line":703,"column":16}},{"start":{"line":704,"column":8},"end":{"line":705,"column":36}}]},"38":{"line":681,"type":"if","locations":[{"start":{"line":681,"column":10},"end":{"line":681,"column":10}},{"start":{"line":681,"column":10},"end":{"line":681,"column":10}}]},"39":{"line":692,"type":"if","locations":[{"start":{"line":692,"column":10},"end":{"line":692,"column":10}},{"start":{"line":692,"column":10},"end":{"line":692,"column":10}}]},"40":{"line":719,"type":"switch","locations":[{"start":{"line":720,"column":8},"end":{"line":722,"column":20}},{"start":{"line":724,"column":8},"end":{"line":726,"column":40}},{"start":{"line":728,"column":8},"end":{"line":736,"column":43}},{"start":{"line":738,"column":8},"end":{"line":751,"column":16}},{"start":{"line":753,"column":8},"end":{"line":754,"column":20}},{"start":{"line":756,"column":8},"end":{"line":756,"column":16}},{"start":{"line":757,"column":8},"end":{"line":758,"column":36}}]},"41":{"line":729,"type":"if","locations":[{"start":{"line":729,"column":10},"end":{"line":729,"column":10}},{"start":{"line":729,"column":10},"end":{"line":729,"column":10}}]},"42":{"line":734,"type":"binary-expr","locations":[{"start":{"line":734,"column":14},"end":{"line":734,"column":15}},{"start":{"line":734,"column":19},"end":{"line":734,"column":44}}]},"43":{"line":741,"type":"if","locations":[{"start":{"line":741,"column":10},"end":{"line":741,"column":10}},{"start":{"line":741,"column":10},"end":{"line":741,"column":10}}]},"44":{"line":743,"type":"if","locations":[{"start":{"line":743,"column":17},"end":{"line":743,"column":17}},{"start":{"line":743,"column":17},"end":{"line":743,"column":17}}]},"45":{"line":744,"type":"if","locations":[{"start":{"line":744,"column":12},"end":{"line":744,"column":12}},{"start":{"line":744,"column":12},"end":{"line":744,"column":12}}]},"46":{"line":766,"type":"cond-expr","locations":[{"start":{"line":766,"column":48},"end":{"line":766,"column":52}},{"start":{"line":766,"column":55},"end":{"line":766,"column":67}}]},"47":{"line":773,"type":"switch","locations":[{"start":{"line":774,"column":8},"end":{"line":775,"column":25}},{"start":{"line":777,"column":8},"end":{"line":779,"column":20}},{"start":{"line":781,"column":8},"end":{"line":797,"column":41}},{"start":{"line":799,"column":8},"end":{"line":800,"column":19}},{"start":{"line":802,"column":8},"end":{"line":804,"column":16}},{"start":{"line":806,"column":8},"end":{"line":813,"column":41}},{"start":{"line":815,"column":8},"end":{"line":816,"column":20}},{"start":{"line":818,"column":8},"end":{"line":818,"column":16}},{"start":{"line":819,"column":8},"end":{"line":820,"column":36}}]},"48":{"line":784,"type":"if","locations":[{"start":{"line":784,"column":10},"end":{"line":784,"column":10}},{"start":{"line":784,"column":10},"end":{"line":784,"column":10}}]},"49":{"line":791,"type":"if","locations":[{"start":{"line":791,"column":10},"end":{"line":791,"column":10}},{"start":{"line":791,"column":10},"end":{"line":791,"column":10}}]},"50":{"line":807,"type":"if","locations":[{"start":{"line":807,"column":10},"end":{"line":807,"column":10}},{"start":{"line":807,"column":10},"end":{"line":807,"column":10}}]},"51":{"line":807,"type":"binary-expr","locations":[{"start":{"line":807,"column":16},"end":{"line":807,"column":26}},{"start":{"line":807,"column":30},"end":{"line":807,"column":44}}]},"52":{"line":843,"type":"switch","locations":[{"start":{"line":844,"column":8},"end":{"line":845,"column":23}},{"start":{"line":847,"column":8},"end":{"line":858,"column":47}},{"start":{"line":860,"column":8},"end":{"line":874,"column":21}},{"start":{"line":876,"column":8},"end":{"line":883,"column":11}},{"start":{"line":885,"column":8},"end":{"line":888,"column":16}},{"start":{"line":890,"column":8},"end":{"line":892,"column":16}},{"start":{"line":894,"column":8},"end":{"line":898,"column":43}},{"start":{"line":900,"column":8},"end":{"line":906,"column":11}},{"start":{"line":908,"column":8},"end":{"line":916,"column":32}},{"start":{"line":918,"column":8},"end":{"line":919,"column":40}},{"start":{"line":921,"column":8},"end":{"line":922,"column":40}},{"start":{"line":924,"column":8},"end":{"line":927,"column":16}},{"start":{"line":929,"column":8},"end":{"line":930,"column":20}},{"start":{"line":932,"column":8},"end":{"line":932,"column":16}},{"start":{"line":933,"column":8},"end":{"line":934,"column":36}}]},"53":{"line":848,"type":"if","locations":[{"start":{"line":848,"column":10},"end":{"line":848,"column":10}},{"start":{"line":848,"column":10},"end":{"line":848,"column":10}}]},"54":{"line":861,"type":"if","locations":[{"start":{"line":861,"column":10},"end":{"line":861,"column":10}},{"start":{"line":861,"column":10},"end":{"line":861,"column":10}}]},"55":{"line":868,"type":"if","locations":[{"start":{"line":868,"column":10},"end":{"line":868,"column":10}},{"start":{"line":868,"column":10},"end":{"line":868,"column":10}}]},"56":{"line":879,"type":"if","locations":[{"start":{"line":879,"column":10},"end":{"line":879,"column":10}},{"start":{"line":879,"column":10},"end":{"line":879,"column":10}}]},"57":{"line":904,"type":"if","locations":[{"start":{"line":904,"column":10},"end":{"line":904,"column":10}},{"start":{"line":904,"column":10},"end":{"line":904,"column":10}}]},"58":{"line":904,"type":"binary-expr","locations":[{"start":{"line":904,"column":14},"end":{"line":904,"column":41}},{"start":{"line":904,"column":45},"end":{"line":904,"column":65}}]},"59":{"line":911,"type":"if","locations":[{"start":{"line":911,"column":10},"end":{"line":911,"column":10}},{"start":{"line":911,"column":10},"end":{"line":911,"column":10}}]},"60":{"line":953,"type":"switch","locations":[{"start":{"line":954,"column":8},"end":{"line":996,"column":47}},{"start":{"line":998,"column":8},"end":{"line":1005,"column":25}},{"start":{"line":1007,"column":8},"end":{"line":1009,"column":21}},{"start":{"line":1011,"column":8},"end":{"line":1020,"column":40}},{"start":{"line":1022,"column":8},"end":{"line":1024,"column":16}},{"start":{"line":1026,"column":8},"end":{"line":1029,"column":16}},{"start":{"line":1031,"column":8},"end":{"line":1033,"column":16}},{"start":{"line":1035,"column":8},"end":{"line":1039,"column":43}},{"start":{"line":1041,"column":8},"end":{"line":1047,"column":11}},{"start":{"line":1049,"column":8},"end":{"line":1057,"column":32}},{"start":{"line":1059,"column":8},"end":{"line":1060,"column":40}},{"start":{"line":1062,"column":8},"end":{"line":1063,"column":40}},{"start":{"line":1065,"column":8},"end":{"line":1069,"column":20}},{"start":{"line":1071,"column":8},"end":{"line":1071,"column":16}},{"start":{"line":1072,"column":8},"end":{"line":1073,"column":36}}]},"61":{"line":961,"type":"switch","locations":[{"start":{"line":962,"column":18},"end":{"line":963,"column":35}},{"start":{"line":965,"column":18},"end":{"line":967,"column":31}},{"start":{"line":969,"column":18},"end":{"line":979,"column":26}},{"start":{"line":981,"column":18},"end":{"line":982,"column":56}},{"start":{"line":984,"column":18},"end":{"line":984,"column":25}},{"start":{"line":985,"column":18},"end":{"line":986,"column":46}}]},"62":{"line":972,"type":"if","locations":[{"start":{"line":972,"column":20},"end":{"line":972,"column":20}},{"start":{"line":972,"column":20},"end":{"line":972,"column":20}}]},"63":{"line":999,"type":"if","locations":[{"start":{"line":999,"column":10},"end":{"line":999,"column":10}},{"start":{"line":999,"column":10},"end":{"line":999,"column":10}}]},"64":{"line":1014,"type":"if","locations":[{"start":{"line":1014,"column":10},"end":{"line":1014,"column":10}},{"start":{"line":1014,"column":10},"end":{"line":1014,"column":10}}]},"65":{"line":1045,"type":"if","locations":[{"start":{"line":1045,"column":10},"end":{"line":1045,"column":10}},{"start":{"line":1045,"column":10},"end":{"line":1045,"column":10}}]},"66":{"line":1045,"type":"binary-expr","locations":[{"start":{"line":1045,"column":14},"end":{"line":1045,"column":41}},{"start":{"line":1045,"column":45},"end":{"line":1045,"column":65}}]},"67":{"line":1052,"type":"if","locations":[{"start":{"line":1052,"column":10},"end":{"line":1052,"column":10}},{"start":{"line":1052,"column":10},"end":{"line":1052,"column":10}}]},"68":{"line":1083,"type":"cond-expr","locations":[{"start":{"line":1083,"column":42},"end":{"line":1083,"column":47}},{"start":{"line":1083,"column":50},"end":{"line":1083,"column":62}}]},"69":{"line":1090,"type":"switch","locations":[{"start":{"line":1091,"column":8},"end":{"line":1092,"column":25}},{"start":{"line":1094,"column":8},"end":{"line":1096,"column":23}},{"start":{"line":1098,"column":8},"end":{"line":1108,"column":16}},{"start":{"line":1110,"column":8},"end":{"line":1110,"column":15}},{"start":{"line":1111,"column":8},"end":{"line":1112,"column":36}}]},"70":{"line":1101,"type":"if","locations":[{"start":{"line":1101,"column":10},"end":{"line":1101,"column":10}},{"start":{"line":1101,"column":10},"end":{"line":1101,"column":10}}]},"71":{"line":1120,"type":"switch","locations":[{"start":{"line":1121,"column":8},"end":{"line":1122,"column":25}},{"start":{"line":1124,"column":8},"end":{"line":1126,"column":20}},{"start":{"line":1128,"column":8},"end":{"line":1142,"column":40}},{"start":{"line":1144,"column":8},"end":{"line":1146,"column":16}},{"start":{"line":1148,"column":8},"end":{"line":1149,"column":20}},{"start":{"line":1151,"column":8},"end":{"line":1151,"column":16}},{"start":{"line":1152,"column":8},"end":{"line":1153,"column":36}}]},"72":{"line":1131,"type":"if","locations":[{"start":{"line":1131,"column":10},"end":{"line":1131,"column":10}},{"start":{"line":1131,"column":10},"end":{"line":1131,"column":10}}]},"73":{"line":1136,"type":"if","locations":[{"start":{"line":1136,"column":10},"end":{"line":1136,"column":10}},{"start":{"line":1136,"column":10},"end":{"line":1136,"column":10}}]},"74":{"line":1169,"type":"switch","locations":[{"start":{"line":1170,"column":8},"end":{"line":1171,"column":25}},{"start":{"line":1173,"column":8},"end":{"line":1175,"column":20}},{"start":{"line":1177,"column":8},"end":{"line":1187,"column":16}},{"start":{"line":1189,"column":8},"end":{"line":1189,"column":15}},{"start":{"line":1190,"column":8},"end":{"line":1191,"column":36}}]},"75":{"line":1180,"type":"if","locations":[{"start":{"line":1180,"column":10},"end":{"line":1180,"column":10}},{"start":{"line":1180,"column":10},"end":{"line":1180,"column":10}}]},"76":{"line":1199,"type":"switch","locations":[{"start":{"line":1200,"column":8},"end":{"line":1201,"column":25}},{"start":{"line":1203,"column":8},"end":{"line":1205,"column":23}},{"start":{"line":1207,"column":8},"end":{"line":1216,"column":43}},{"start":{"line":1218,"column":8},"end":{"line":1220,"column":16}},{"start":{"line":1222,"column":8},"end":{"line":1223,"column":20}},{"start":{"line":1225,"column":8},"end":{"line":1225,"column":16}},{"start":{"line":1226,"column":8},"end":{"line":1227,"column":36}}]},"77":{"line":1210,"type":"if","locations":[{"start":{"line":1210,"column":10},"end":{"line":1210,"column":10}},{"start":{"line":1210,"column":10},"end":{"line":1210,"column":10}}]},"78":{"line":1235,"type":"cond-expr","locations":[{"start":{"line":1235,"column":42},"end":{"line":1235,"column":46}},{"start":{"line":1235,"column":49},"end":{"line":1235,"column":61}}]},"79":{"line":1242,"type":"switch","locations":[{"start":{"line":1243,"column":8},"end":{"line":1244,"column":25}},{"start":{"line":1246,"column":8},"end":{"line":1248,"column":23}},{"start":{"line":1250,"column":8},"end":{"line":1257,"column":16}},{"start":{"line":1259,"column":8},"end":{"line":1260,"column":23}},{"start":{"line":1262,"column":8},"end":{"line":1262,"column":15}},{"start":{"line":1263,"column":8},"end":{"line":1264,"column":36}}]},"80":{"line":1251,"type":"if","locations":[{"start":{"line":1251,"column":10},"end":{"line":1251,"column":10}},{"start":{"line":1251,"column":10},"end":{"line":1251,"column":10}}]},"81":{"line":1272,"type":"switch","locations":[{"start":{"line":1273,"column":8},"end":{"line":1274,"column":25}},{"start":{"line":1276,"column":8},"end":{"line":1278,"column":20}},{"start":{"line":1280,"column":8},"end":{"line":1289,"column":32}},{"start":{"line":1291,"column":8},"end":{"line":1298,"column":40}},{"start":{"line":1300,"column":8},"end":{"line":1302,"column":16}},{"start":{"line":1304,"column":8},"end":{"line":1305,"column":20}},{"start":{"line":1307,"column":8},"end":{"line":1307,"column":16}},{"start":{"line":1308,"column":8},"end":{"line":1309,"column":36}}]},"82":{"line":1284,"type":"if","locations":[{"start":{"line":1284,"column":10},"end":{"line":1284,"column":10}},{"start":{"line":1284,"column":10},"end":{"line":1284,"column":10}}]},"83":{"line":1292,"type":"if","locations":[{"start":{"line":1292,"column":10},"end":{"line":1292,"column":10}},{"start":{"line":1292,"column":10},"end":{"line":1292,"column":10}}]},"84":{"line":1317,"type":"cond-expr","locations":[{"start":{"line":1317,"column":42},"end":{"line":1317,"column":46}},{"start":{"line":1317,"column":49},"end":{"line":1317,"column":61}}]},"85":{"line":1323,"type":"switch","locations":[{"start":{"line":1324,"column":8},"end":{"line":1326,"column":23}},{"start":{"line":1328,"column":8},"end":{"line":1329,"column":23}},{"start":{"line":1331,"column":8},"end":{"line":1331,"column":15}},{"start":{"line":1332,"column":8},"end":{"line":1333,"column":36}}]},"86":{"line":1341,"type":"switch","locations":[{"start":{"line":1342,"column":8},"end":{"line":1343,"column":25}},{"start":{"line":1345,"column":8},"end":{"line":1347,"column":20}},{"start":{"line":1349,"column":8},"end":{"line":1358,"column":32}},{"start":{"line":1360,"column":8},"end":{"line":1367,"column":40}},{"start":{"line":1369,"column":8},"end":{"line":1371,"column":16}},{"start":{"line":1373,"column":8},"end":{"line":1374,"column":20}},{"start":{"line":1376,"column":8},"end":{"line":1376,"column":16}},{"start":{"line":1377,"column":8},"end":{"line":1378,"column":36}}]},"87":{"line":1353,"type":"if","locations":[{"start":{"line":1353,"column":10},"end":{"line":1353,"column":10}},{"start":{"line":1353,"column":10},"end":{"line":1353,"column":10}}]},"88":{"line":1361,"type":"if","locations":[{"start":{"line":1361,"column":10},"end":{"line":1361,"column":10}},{"start":{"line":1361,"column":10},"end":{"line":1361,"column":10}}]},"89":{"line":1392,"type":"switch","locations":[{"start":{"line":1393,"column":8},"end":{"line":1394,"column":25}},{"start":{"line":1396,"column":8},"end":{"line":1398,"column":23}},{"start":{"line":1400,"column":8},"end":{"line":1411,"column":16}},{"start":{"line":1413,"column":8},"end":{"line":1413,"column":15}},{"start":{"line":1414,"column":8},"end":{"line":1415,"column":36}}]},"90":{"line":1403,"type":"if","locations":[{"start":{"line":1403,"column":10},"end":{"line":1403,"column":10}},{"start":{"line":1403,"column":10},"end":{"line":1403,"column":10}}]},"91":{"line":1423,"type":"switch","locations":[{"start":{"line":1424,"column":8},"end":{"line":1425,"column":25}},{"start":{"line":1427,"column":8},"end":{"line":1429,"column":20}},{"start":{"line":1431,"column":8},"end":{"line":1441,"column":16}},{"start":{"line":1443,"column":8},"end":{"line":1450,"column":41}},{"start":{"line":1452,"column":8},"end":{"line":1453,"column":20}},{"start":{"line":1455,"column":8},"end":{"line":1455,"column":16}},{"start":{"line":1456,"column":8},"end":{"line":1457,"column":36}}]},"92":{"line":1434,"type":"if","locations":[{"start":{"line":1434,"column":10},"end":{"line":1434,"column":10}},{"start":{"line":1434,"column":10},"end":{"line":1434,"column":10}}]},"93":{"line":1444,"type":"if","locations":[{"start":{"line":1444,"column":10},"end":{"line":1444,"column":10}},{"start":{"line":1444,"column":10},"end":{"line":1444,"column":10}}]}}}}