TN:
SF:/Users/sunilpai/code/dahi/index.js
FN:10,(anonymous_1)
FN:10,defineProperties
FN:10,(anonymous_3)
FN:46,_interopRequireDefault
FN:48,_defineProperty
FN:50,_classCallCheck
FN:65,(anonymous_7)
FN:66,Chain
FN:74,val
FN:82,$
FN:87,(anonymous_11)
FN:88,(anonymous_12)
FN:99,chain
FN:104,into
FN:110,never
FN:116,later
FN:118,(anonymous_17)
FN:119,callee$2$0
FN:120,callee$2$0$
FN:139,interval
FN:141,(anonymous_21)
FN:145,(anonymous_22)
FN:152,sequentially
FN:154,callee$1$0
FN:157,callee$1$0$
FN:230,fromPoll
FN:232,(anonymous_27)
FN:235,(anonymous_28)
FN:242,withInterval
FN:244,(anonymous_30)
FN:247,(anonymous_31)
FN:254,fromCallback
FN:256,(anonymous_33)
FN:257,callee$2$0
FN:258,callee$2$0$
FN:277,fromNodeCallback
FN:279,(anonymous_37)
FN:280,callee$2$0
FN:281,callee$2$0$
FN:300,fromEvents
FN:302,fn
FN:310,(anonymous_42)
FN:317,log
FN:321,callee$1$0
FN:323,callee$1$0$
FN:357,transduce
FN:371,map
FN:375,filter
FN:379,takeWhile
FN:383,last
FN:385,callee$1$0
FN:387,callee$1$0$
FN:421,flatten
FN:423,callee$1$0
FN:426,callee$1$0$
FN:513,skip
FN:517,skipWhile
FN:523,skipDuplicates
FN:529,diff
FN:530,(anonymous_60)
FN:535,callee$1$0
FN:537,callee$1$0$
FN:586,scan
FN:588,callee$1$0
FN:590,callee$1$0$
FN:640,delay
FN:642,(anonymous_67)
FN:643,(anonymous_68)
FN:644,callee$3$0
FN:645,callee$3$0$
FN:667,debounce
FN:669,callee$1$0
FN:671,callee$1$0$
FN:713,throttle
FN:716,callee$1$0
FN:718,callee$1$0$
FN:765,bufferWhile
FN:770,callee$1$0
FN:772,callee$1$0$
FN:833,zip
FN:839,callee$1$0
FN:842,callee$1$0$
FN:943,concat
FN:949,callee$1$0
FN:952,callee$1$0$
FN:956,(anonymous_86)
FN:958,callee$3$0
FN:960,callee$3$0$
FN:1066,(anonymous_89)
FN:1082,filterBy
FN:1087,callee$1$0
FN:1089,callee$1$0$
FN:1117,callee$1$0
FN:1119,callee$1$0$
FN:1162,sampledBy
FN:1166,callee$1$0
FN:1168,callee$1$0$
FN:1196,callee$1$0
FN:1198,callee$1$0$
FN:1234,takeWhileBy
FN:1239,callee$1$0
FN:1241,callee$1$0$
FN:1269,callee$1$0
FN:1271,callee$1$0$
FN:1316,takeUntilBy
FN:1321,callee$1$0
FN:1322,callee$1$0$
FN:1338,callee$1$0
FN:1340,callee$1$0$
FN:1385,bufferBy
FN:1389,callee$1$0
FN:1391,callee$1$0$
FN:1420,callee$1$0
FN:1422,callee$1$0$
FNF:114
FNH:109
FNDA:1,(anonymous_1)
FNDA:1,defineProperties
FNDA:1,(anonymous_3)
FNDA:2,_interopRequireDefault
FNDA:24,_defineProperty
FNDA:1,_classCallCheck
FNDA:1,(anonymous_7)
FNDA:1,Chain
FNDA:1,val
FNDA:8,$
FNDA:24,(anonymous_11)
FNDA:3,(anonymous_12)
FNDA:1,chain
FNDA:1,into
FNDA:0,never
FNDA:2,later
FNDA:2,(anonymous_17)
FNDA:2,callee$2$0
FNDA:4,callee$2$0$
FNDA:1,interval
FNDA:5,(anonymous_21)
FNDA:1,(anonymous_22)
FNDA:28,sequentially
FNDA:28,callee$1$0
FNDA:250,callee$1$0$
FNDA:1,fromPoll
FNDA:5,(anonymous_27)
FNDA:1,(anonymous_28)
FNDA:1,withInterval
FNDA:5,(anonymous_30)
FNDA:1,(anonymous_31)
FNDA:1,fromCallback
FNDA:1,(anonymous_33)
FNDA:1,callee$2$0
FNDA:2,callee$2$0$
FNDA:2,fromNodeCallback
FNDA:2,(anonymous_37)
FNDA:2,callee$2$0
FNDA:4,callee$2$0$
FNDA:1,fromEvents
FNDA:20,fn
FNDA:1,(anonymous_42)
FNDA:0,log
FNDA:0,callee$1$0
FNDA:0,callee$1$0$
FNDA:8,transduce
FNDA:2,map
FNDA:1,filter
FNDA:1,takeWhile
FNDA:1,last
FNDA:1,callee$1$0
FNDA:7,callee$1$0$
FNDA:1,flatten
FNDA:1,callee$1$0
FNDA:14,callee$1$0$
FNDA:1,skip
FNDA:1,skipWhile
FNDA:1,skipDuplicates
FNDA:1,diff
FNDA:0,(anonymous_60)
FNDA:1,callee$1$0
FNDA:12,callee$1$0$
FNDA:2,scan
FNDA:2,callee$1$0
FNDA:22,callee$1$0$
FNDA:1,delay
FNDA:5,(anonymous_67)
FNDA:5,(anonymous_68)
FNDA:5,callee$3$0
FNDA:10,callee$3$0$
FNDA:1,debounce
FNDA:1,callee$1$0
FNDA:34,callee$1$0$
FNDA:1,throttle
FNDA:1,callee$1$0
FNDA:16,callee$1$0$
FNDA:1,bufferWhile
FNDA:1,callee$1$0
FNDA:10,callee$1$0$
FNDA:1,zip
FNDA:1,callee$1$0
FNDA:14,callee$1$0$
FNDA:1,concat
FNDA:1,callee$1$0
FNDA:26,callee$1$0$
FNDA:3,(anonymous_86)
FNDA:3,callee$3$0
FNDA:16,callee$3$0$
FNDA:3,(anonymous_89)
FNDA:1,filterBy
FNDA:1,callee$1$0
FNDA:6,callee$1$0$
FNDA:1,callee$1$0
FNDA:19,callee$1$0$
FNDA:1,sampledBy
FNDA:1,callee$1$0
FNDA:15,callee$1$0$
FNDA:1,callee$1$0
FNDA:10,callee$1$0$
FNDA:1,takeWhileBy
FNDA:1,callee$1$0
FNDA:4,callee$1$0$
FNDA:1,callee$1$0
FNDA:8,callee$1$0$
FNDA:1,takeUntilBy
FNDA:1,callee$1$0
FNDA:2,callee$1$0$
FNDA:1,callee$1$0
FNDA:10,callee$1$0$
FNDA:1,bufferBy
FNDA:1,callee$1$0
FNDA:5,callee$1$0$
FNDA:1,callee$1$0
FNDA:16,callee$1$0$
DA:6,1
DA:10,1
DA:12,1
DA:13,1
DA:14,1
DA:15,1
DA:16,1
DA:17,1
DA:18,1
DA:19,1
DA:20,1
DA:21,1
DA:22,1
DA:23,1
DA:24,1
DA:25,1
DA:26,1
DA:27,1
DA:28,1
DA:29,1
DA:30,1
DA:31,1
DA:32,1
DA:33,1
DA:34,1
DA:35,1
DA:36,1
DA:37,1
DA:38,1
DA:39,1
DA:40,1
DA:41,1
DA:42,1
DA:43,1
DA:44,1
DA:46,2
DA:48,24
DA:50,1
DA:52,1
DA:54,1
DA:56,1
DA:58,1
DA:60,1
DA:61,1
DA:65,1
DA:66,1
DA:67,1
DA:69,1
DA:72,1
DA:75,1
DA:79,1
DA:82,1
DA:83,8
DA:84,24
DA:87,8
DA:88,24
DA:89,3
DA:90,4
DA:93,3
DA:94,3
DA:99,1
DA:100,1
DA:104,1
DA:105,1
DA:110,1
DA:111,0
DA:112,0
DA:113,0
DA:116,1
DA:117,2
DA:118,2
DA:119,2
DA:120,2
DA:121,4
DA:123,2
DA:124,2
DA:127,2
DA:131,2
DA:136,2
DA:139,1
DA:140,1
DA:141,1
DA:142,5
DA:145,1
DA:146,1
DA:147,1
DA:149,1
DA:152,1
DA:153,28
DA:154,28
DA:155,28
DA:157,28
DA:158,500
DA:160,28
DA:161,28
DA:162,28
DA:163,28
DA:164,28
DA:167,194
DA:168,28
DA:169,28
DA:172,166
DA:173,166
DA:174,166
DA:177,166
DA:180,166
DA:181,166
DA:182,166
DA:185,28
DA:186,28
DA:189,0
DA:190,0
DA:191,0
DA:192,0
DA:195,28
DA:196,28
DA:198,28
DA:199,0
DA:203,28
DA:205,28
DA:206,28
DA:207,28
DA:210,0
DA:213,28
DA:216,28
DA:219,28
DA:223,28
DA:227,28
DA:230,1
DA:231,1
DA:232,1
DA:233,5
DA:235,1
DA:236,1
DA:237,1
DA:239,1
DA:242,1
DA:243,1
DA:244,1
DA:245,5
DA:247,1
DA:248,1
DA:249,1
DA:251,1
DA:254,1
DA:255,1
DA:256,1
DA:257,1
DA:258,1
DA:259,2
DA:261,1
DA:262,1
DA:265,1
DA:269,1
DA:274,1
DA:277,1
DA:278,2
DA:279,2
DA:280,2
DA:281,2
DA:282,4
DA:284,2
DA:285,2
DA:288,2
DA:292,2
DA:297,2
DA:300,1
DA:301,1
DA:302,1
DA:303,20
DA:304,20
DA:307,20
DA:309,1
DA:310,1
DA:311,1
DA:312,1
DA:314,1
DA:317,1
DA:318,0
DA:320,0
DA:321,0
DA:322,0
DA:323,0
DA:324,0
DA:326,0
DA:327,0
DA:330,0
DA:332,0
DA:333,0
DA:334,0
DA:337,0
DA:338,0
DA:339,0
DA:342,0
DA:343,0
DA:346,0
DA:350,0
DA:354,0
DA:357,1
DA:358,8
DA:360,8
DA:361,8
DA:362,8
DA:365,1
DA:371,1
DA:372,2
DA:375,1
DA:376,1
DA:379,1
DA:380,1
DA:383,1
DA:384,1
DA:385,1
DA:386,1
DA:387,1
DA:388,12
DA:390,5
DA:391,5
DA:394,5
DA:396,5
DA:397,1
DA:398,1
DA:401,4
DA:402,4
DA:403,4
DA:406,1
DA:407,1
DA:410,1
DA:414,1
DA:418,1
DA:421,1
DA:422,1
DA:423,1
DA:424,1
DA:426,1
DA:427,30
DA:429,4
DA:430,4
DA:433,4
DA:435,4
DA:436,1
DA:437,1
DA:440,3
DA:441,3
DA:442,3
DA:443,3
DA:444,3
DA:447,6
DA:448,3
DA:449,3
DA:452,3
DA:453,3
DA:454,3
DA:457,3
DA:458,3
DA:459,3
DA:462,3
DA:463,3
DA:466,0
DA:467,0
DA:468,0
DA:469,0
DA:472,3
DA:473,3
DA:475,3
DA:476,0
DA:480,3
DA:482,3
DA:483,3
DA:484,3
DA:487,0
DA:490,3
DA:493,3
DA:496,3
DA:497,3
DA:500,1
DA:504,1
DA:508,1
DA:511,1
DA:513,1
DA:514,1
DA:517,1
DA:518,1
DA:523,1
DA:524,1
DA:527,1
DA:529,1
DA:530,1
DA:531,0
DA:534,1
DA:535,1
DA:536,1
DA:537,1
DA:538,19
DA:540,1
DA:541,1
DA:542,1
DA:545,0
DA:546,0
DA:549,0
DA:552,1
DA:555,6
DA:556,6
DA:559,6
DA:561,6
DA:562,1
DA:563,1
DA:566,5
DA:567,5
DA:570,5
DA:571,5
DA:572,5
DA:575,1
DA:579,1
DA:583,1
DA:586,1
DA:587,2
DA:588,2
DA:589,2
DA:590,2
DA:591,35
DA:593,2
DA:594,2
DA:595,2
DA:598,0
DA:599,0
DA:602,0
DA:605,2
DA:608,11
DA:609,11
DA:612,11
DA:614,11
DA:615,2
DA:616,2
DA:619,9
DA:620,9
DA:623,9
DA:624,9
DA:627,2
DA:631,2
DA:635,2
DA:638,1
DA:640,1
DA:641,1
DA:642,1
DA:643,5
DA:644,5
DA:645,5
DA:646,10
DA:648,5
DA:649,5
DA:652,5
DA:656,5
DA:662,1
DA:667,1
DA:668,1
DA:669,1
DA:670,1
DA:671,1
DA:672,67
DA:674,1
DA:675,1
DA:678,1
DA:681,33
DA:682,1
DA:683,1
DA:686,32
DA:687,32
DA:690,32
DA:692,32
DA:693,13
DA:695,19
DA:697,32
DA:698,32
DA:701,1
DA:705,1
DA:710,1
DA:713,1
DA:714,1
DA:716,1
DA:717,1
DA:718,1
DA:719,31
DA:721,1
DA:722,1
DA:725,1
DA:726,1
DA:729,15
DA:730,1
DA:731,1
DA:734,14
DA:735,14
DA:736,14
DA:739,14
DA:741,14
DA:742,10
DA:743,4
DA:744,4
DA:745,4
DA:746,4
DA:748,4
DA:750,14
DA:751,14
DA:754,1
DA:758,1
DA:762,1
DA:765,1
DA:766,1
DA:768,1
DA:770,1
DA:771,1
DA:772,1
DA:773,22
DA:775,1
DA:778,7
DA:779,7
DA:782,7
DA:784,7
DA:785,1
DA:786,1
DA:789,6
DA:791,6
DA:792,5
DA:793,5
DA:796,1
DA:797,1
DA:800,1
DA:803,6
DA:804,6
DA:807,1
DA:808,0
DA:809,0
DA:812,1
DA:813,1
DA:816,1
DA:820,1
DA:824,1
DA:827,1
DA:833,1
DA:834,1
DA:835,3
DA:838,1
DA:839,1
DA:840,1
DA:842,1
DA:843,38
DA:845,1
DA:848,4
DA:849,1
DA:850,1
DA:853,3
DA:854,3
DA:855,3
DA:856,3
DA:857,3
DA:858,3
DA:861,12
DA:862,3
DA:863,3
DA:866,9
DA:868,9
DA:869,2
DA:870,2
DA:873,7
DA:874,7
DA:877,7
DA:879,7
DA:880,1
DA:882,6
DA:886,9
DA:887,9
DA:888,9
DA:891,3
DA:892,3
DA:895,0
DA:896,0
DA:897,0
DA:898,0
DA:901,3
DA:902,3
DA:904,3
DA:905,0
DA:909,3
DA:911,3
DA:912,3
DA:913,3
DA:916,0
DA:919,3
DA:922,3
DA:925,3
DA:926,3
DA:927,3
DA:930,1
DA:934,1
DA:938,1
DA:943,1
DA:944,1
DA:945,3
DA:948,1
DA:949,1
DA:950,1
DA:952,1
DA:953,45
DA:955,1
DA:956,1
DA:957,3
DA:958,3
DA:959,3
DA:960,3
DA:961,29
DA:963,3
DA:966,13
DA:967,13
DA:970,13
DA:972,13
DA:973,3
DA:974,3
DA:977,10
DA:978,10
DA:979,10
DA:982,3
DA:986,3
DA:990,3
DA:992,1
DA:993,1
DA:994,1
DA:995,1
DA:996,1
DA:999,4
DA:1000,1
DA:1001,1
DA:1004,3
DA:1005,3
DA:1008,13
DA:1009,13
DA:1012,13
DA:1014,13
DA:1015,3
DA:1016,3
DA:1019,10
DA:1020,10
DA:1023,10
DA:1024,10
DA:1027,3
DA:1028,3
DA:1029,3
DA:1032,1
DA:1033,1
DA:1036,0
DA:1037,0
DA:1038,0
DA:1039,0
DA:1042,1
DA:1043,1
DA:1045,1
DA:1046,0
DA:1050,1
DA:1052,1
DA:1053,1
DA:1054,1
DA:1057,0
DA:1060,1
DA:1063,1
DA:1066,1
DA:1067,3
DA:1069,1
DA:1073,1
DA:1077,1
DA:1080,1
DA:1082,1
DA:1083,1
DA:1085,1
DA:1087,1
DA:1088,1
DA:1089,1
DA:1090,11
DA:1092,1
DA:1095,5
DA:1096,5
DA:1099,5
DA:1101,5
DA:1102,1
DA:1103,1
DA:1106,4
DA:1107,4
DA:1108,4
DA:1112,1
DA:1117,1
DA:1118,1
DA:1119,1
DA:1120,42
DA:1122,1
DA:1125,14
DA:1126,14
DA:1129,14
DA:1131,14
DA:1132,1
DA:1133,1
DA:1136,13
DA:1137,9
DA:1138,9
DA:1141,4
DA:1142,4
DA:1145,13
DA:1146,13
DA:1149,1
DA:1153,1
DA:1157,1
DA:1162,1
DA:1163,1
DA:1166,1
DA:1167,1
DA:1168,1
DA:1169,29
DA:1171,1
DA:1174,14
DA:1175,14
DA:1178,14
DA:1180,14
DA:1181,1
DA:1182,1
DA:1185,13
DA:1186,13
DA:1187,13
DA:1191,1
DA:1196,1
DA:1197,1
DA:1198,1
DA:1199,15
DA:1201,1
DA:1204,5
DA:1205,5
DA:1208,5
DA:1210,5
DA:1211,1
DA:1212,1
DA:1215,4
DA:1216,4
DA:1219,4
DA:1220,4
DA:1223,1
DA:1227,1
DA:1231,1
DA:1234,1
DA:1235,1
DA:1237,1
DA:1239,1
DA:1240,1
DA:1241,1
DA:1242,7
DA:1244,1
DA:1247,3
DA:1248,3
DA:1251,3
DA:1252,1
DA:1253,1
DA:1256,2
DA:1257,2
DA:1260,1
DA:1264,1
DA:1269,1
DA:1270,1
DA:1271,1
DA:1272,12
DA:1274,1
DA:1277,4
DA:1278,4
DA:1281,4
DA:1282,4
DA:1284,4
DA:1285,0
DA:1286,0
DA:1289,4
DA:1292,4
DA:1293,1
DA:1294,1
DA:1297,3
DA:1298,3
DA:1301,3
DA:1302,3
DA:1305,1
DA:1309,1
DA:1313,1
DA:1316,1
DA:1317,1
DA:1319,1
DA:1321,1
DA:1322,1
DA:1323,2
DA:1325,1
DA:1326,1
DA:1329,1
DA:1333,1
DA:1338,1
DA:1339,1
DA:1340,1
DA:1341,15
DA:1343,1
DA:1346,5
DA:1347,5
DA:1350,5
DA:1351,5
DA:1353,5
DA:1354,0
DA:1355,0
DA:1358,5
DA:1361,5
DA:1362,1
DA:1363,1
DA:1366,4
DA:1367,4
DA:1370,4
DA:1371,4
DA:1374,1
DA:1378,1
DA:1382,1
DA:1385,1
DA:1386,1
DA:1389,1
DA:1390,1
DA:1391,1
DA:1392,9
DA:1394,1
DA:1397,4
DA:1398,4
DA:1401,4
DA:1403,4
DA:1404,1
DA:1405,1
DA:1408,3
DA:1409,3
DA:1410,3
DA:1411,3
DA:1415,1
DA:1420,1
DA:1421,1
DA:1422,1
DA:1423,30
DA:1425,1
DA:1428,14
DA:1429,14
DA:1432,14
DA:1434,14
DA:1435,1
DA:1436,1
DA:1439,13
DA:1440,13
DA:1441,13
DA:1444,1
DA:1445,0
DA:1446,0
DA:1449,1
DA:1450,1
DA:1453,1
DA:1457,1
DA:1461,1
DA:1464,1
LF:757
LH:695
BRDA:10,1,0,1
BRDA:10,1,1,1
BRDA:10,2,0,1
BRDA:10,2,1,0
BRDA:10,3,0,1
BRDA:10,3,1,0
BRDA:10,4,0,0
BRDA:10,4,1,1
BRDA:46,5,0,0
BRDA:46,5,1,2
BRDA:46,6,0,2
BRDA:46,6,1,2
BRDA:50,7,0,0
BRDA:50,7,1,1
BRDA:121,8,0,2
BRDA:121,8,1,2
BRDA:121,8,2,2
BRDA:121,8,3,2
BRDA:158,9,0,28
BRDA:158,9,1,194
BRDA:158,9,2,166
BRDA:158,9,3,166
BRDA:158,9,4,28
BRDA:158,9,5,0
BRDA:158,9,6,28
BRDA:158,9,7,28
BRDA:158,9,8,28
BRDA:158,9,9,28
BRDA:158,9,10,28
BRDA:158,9,11,28
BRDA:158,9,12,28
BRDA:167,10,0,28
BRDA:167,10,1,166
BRDA:198,11,0,0
BRDA:198,11,1,28
BRDA:198,12,0,28
BRDA:198,12,1,0
BRDA:205,13,0,28
BRDA:205,13,1,0
BRDA:259,14,0,1
BRDA:259,14,1,1
BRDA:259,14,2,1
BRDA:259,14,3,1
BRDA:282,15,0,2
BRDA:282,15,1,2
BRDA:282,15,2,2
BRDA:282,15,3,2
BRDA:285,16,0,2
BRDA:285,16,1,1
BRDA:318,17,0,0
BRDA:318,17,1,0
BRDA:324,18,0,0
BRDA:324,18,1,0
BRDA:324,18,2,0
BRDA:324,18,3,0
BRDA:324,18,4,0
BRDA:324,18,5,0
BRDA:332,19,0,0
BRDA:332,19,1,0
BRDA:358,20,0,8
BRDA:358,20,1,0
BRDA:388,21,0,5
BRDA:388,21,1,5
BRDA:388,21,2,1
BRDA:388,21,3,1
BRDA:388,21,4,1
BRDA:388,21,5,1
BRDA:396,22,0,1
BRDA:396,22,1,4
BRDA:427,23,0,4
BRDA:427,23,1,4
BRDA:427,23,2,6
BRDA:427,23,3,3
BRDA:427,23,4,3
BRDA:427,23,5,0
BRDA:427,23,6,3
BRDA:427,23,7,3
BRDA:427,23,8,3
BRDA:427,23,9,3
BRDA:427,23,10,3
BRDA:427,23,11,1
BRDA:427,23,12,1
BRDA:427,23,13,1
BRDA:435,24,0,1
BRDA:435,24,1,3
BRDA:447,25,0,3
BRDA:447,25,1,3
BRDA:475,26,0,0
BRDA:475,26,1,3
BRDA:475,27,0,3
BRDA:475,27,1,0
BRDA:482,28,0,3
BRDA:482,28,1,0
BRDA:530,29,0,0
BRDA:530,29,1,1
BRDA:538,30,0,1
BRDA:538,30,1,0
BRDA:538,30,2,1
BRDA:538,30,3,6
BRDA:538,30,4,6
BRDA:538,30,5,5
BRDA:538,30,6,1
BRDA:538,30,7,1
BRDA:538,30,8,1
BRDA:540,31,0,1
BRDA:540,31,1,0
BRDA:561,32,0,1
BRDA:561,32,1,5
BRDA:591,33,0,2
BRDA:591,33,1,0
BRDA:591,33,2,2
BRDA:591,33,3,11
BRDA:591,33,4,11
BRDA:591,33,5,9
BRDA:591,33,6,2
BRDA:591,33,7,2
BRDA:591,33,8,2
BRDA:593,34,0,2
BRDA:593,34,1,0
BRDA:614,35,0,2
BRDA:614,35,1,9
BRDA:646,36,0,5
BRDA:646,36,1,5
BRDA:646,36,2,5
BRDA:646,36,3,5
BRDA:672,37,0,1
BRDA:672,37,1,1
BRDA:672,37,2,33
BRDA:672,37,3,32
BRDA:672,37,4,1
BRDA:672,37,5,1
BRDA:672,37,6,1
BRDA:681,38,0,1
BRDA:681,38,1,32
BRDA:692,39,0,13
BRDA:692,39,1,19
BRDA:719,40,0,1
BRDA:719,40,1,1
BRDA:719,40,2,15
BRDA:719,40,3,14
BRDA:719,40,4,1
BRDA:719,40,5,1
BRDA:719,40,6,1
BRDA:729,41,0,1
BRDA:729,41,1,14
BRDA:734,42,0,14
BRDA:734,42,1,4
BRDA:741,43,0,10
BRDA:741,43,1,4
BRDA:743,44,0,4
BRDA:743,44,1,0
BRDA:744,45,0,4
BRDA:744,45,1,0
BRDA:766,46,0,1
BRDA:766,46,1,0
BRDA:773,47,0,1
BRDA:773,47,1,7
BRDA:773,47,2,7
BRDA:773,47,3,1
BRDA:773,47,4,6
BRDA:773,47,5,1
BRDA:773,47,6,1
BRDA:773,47,7,1
BRDA:773,47,8,1
BRDA:784,48,0,1
BRDA:784,48,1,6
BRDA:791,49,0,5
BRDA:791,49,1,1
BRDA:807,50,0,0
BRDA:807,50,1,1
BRDA:807,51,0,1
BRDA:807,51,1,1
BRDA:843,52,0,1
BRDA:843,52,1,4
BRDA:843,52,2,12
BRDA:843,52,3,7
BRDA:843,52,4,9
BRDA:843,52,5,3
BRDA:843,52,6,0
BRDA:843,52,7,3
BRDA:843,52,8,3
BRDA:843,52,9,3
BRDA:843,52,10,3
BRDA:843,52,11,3
BRDA:843,52,12,1
BRDA:843,52,13,1
BRDA:843,52,14,1
BRDA:848,53,0,1
BRDA:848,53,1,3
BRDA:861,54,0,3
BRDA:861,54,1,9
BRDA:868,55,0,2
BRDA:868,55,1,7
BRDA:879,56,0,1
BRDA:879,56,1,6
BRDA:904,57,0,0
BRDA:904,57,1,3
BRDA:904,58,0,3
BRDA:904,58,1,0
BRDA:911,59,0,3
BRDA:911,59,1,0
BRDA:953,60,0,1
BRDA:953,60,1,4
BRDA:953,60,2,13
BRDA:953,60,3,13
BRDA:953,60,4,10
BRDA:953,60,5,3
BRDA:953,60,6,1
BRDA:953,60,7,0
BRDA:953,60,8,1
BRDA:953,60,9,1
BRDA:953,60,10,1
BRDA:953,60,11,1
BRDA:953,60,12,1
BRDA:953,60,13,1
BRDA:953,60,14,1
BRDA:961,61,0,3
BRDA:961,61,1,13
BRDA:961,61,2,13
BRDA:961,61,3,3
BRDA:961,61,4,3
BRDA:961,61,5,3
BRDA:972,62,0,3
BRDA:972,62,1,10
BRDA:999,63,0,1
BRDA:999,63,1,3
BRDA:1014,64,0,3
BRDA:1014,64,1,10
BRDA:1045,65,0,0
BRDA:1045,65,1,1
BRDA:1045,66,0,1
BRDA:1045,66,1,0
BRDA:1052,67,0,1
BRDA:1052,67,1,0
BRDA:1083,68,0,1
BRDA:1083,68,1,0
BRDA:1090,69,0,1
BRDA:1090,69,1,5
BRDA:1090,69,2,5
BRDA:1090,69,3,1
BRDA:1090,69,4,1
BRDA:1101,70,0,1
BRDA:1101,70,1,4
BRDA:1120,71,0,1
BRDA:1120,71,1,14
BRDA:1120,71,2,14
BRDA:1120,71,3,13
BRDA:1120,71,4,1
BRDA:1120,71,5,1
BRDA:1120,71,6,1
BRDA:1131,72,0,1
BRDA:1131,72,1,13
BRDA:1136,73,0,9
BRDA:1136,73,1,4
BRDA:1169,74,0,1
BRDA:1169,74,1,14
BRDA:1169,74,2,14
BRDA:1169,74,3,1
BRDA:1169,74,4,1
BRDA:1180,75,0,1
BRDA:1180,75,1,13
BRDA:1199,76,0,1
BRDA:1199,76,1,5
BRDA:1199,76,2,5
BRDA:1199,76,3,4
BRDA:1199,76,4,1
BRDA:1199,76,5,1
BRDA:1199,76,6,1
BRDA:1210,77,0,1
BRDA:1210,77,1,4
BRDA:1235,78,0,1
BRDA:1235,78,1,0
BRDA:1242,79,0,1
BRDA:1242,79,1,3
BRDA:1242,79,2,3
BRDA:1242,79,3,1
BRDA:1242,79,4,1
BRDA:1242,79,5,1
BRDA:1251,80,0,1
BRDA:1251,80,1,2
BRDA:1272,81,0,1
BRDA:1272,81,1,4
BRDA:1272,81,2,4
BRDA:1272,81,3,4
BRDA:1272,81,4,3
BRDA:1272,81,5,1
BRDA:1272,81,6,1
BRDA:1272,81,7,1
BRDA:1284,82,0,0
BRDA:1284,82,1,4
BRDA:1292,83,0,1
BRDA:1292,83,1,3
BRDA:1317,84,0,1
BRDA:1317,84,1,0
BRDA:1323,85,0,1
BRDA:1323,85,1,1
BRDA:1323,85,2,1
BRDA:1323,85,3,1
BRDA:1341,86,0,1
BRDA:1341,86,1,5
BRDA:1341,86,2,5
BRDA:1341,86,3,5
BRDA:1341,86,4,4
BRDA:1341,86,5,1
BRDA:1341,86,6,1
BRDA:1341,86,7,1
BRDA:1353,87,0,0
BRDA:1353,87,1,5
BRDA:1361,88,0,1
BRDA:1361,88,1,4
BRDA:1392,89,0,1
BRDA:1392,89,1,4
BRDA:1392,89,2,4
BRDA:1392,89,3,1
BRDA:1392,89,4,1
BRDA:1403,90,0,1
BRDA:1403,90,1,3
BRDA:1423,91,0,1
BRDA:1423,91,1,14
BRDA:1423,91,2,14
BRDA:1423,91,3,1
BRDA:1423,91,4,1
BRDA:1423,91,5,1
BRDA:1423,91,6,1
BRDA:1434,92,0,1
BRDA:1434,92,1,13
BRDA:1444,93,0,0
BRDA:1444,93,1,1
BRF:328
BRH:281
end_of_record
